Starting server...
Server is running...
Watching for file changes with StatReloader
INFO 2025-12-04 12:19:36,401 autoreload 16944 9988 Watching for file changes with StatReloader
[04/Dec/2025 12:24:51] "GET /admin/ HTTP/1.1" 302 0
[04/Dec/2025 12:24:51] "GET /admin/ HTTP/1.1" 302 0
[04/Dec/2025 12:24:51] "GET /admin/login/?next=/admin/ HTTP/1.1" 200 17341
[04/Dec/2025 12:24:51] "GET /admin/login/?next=/admin/ HTTP/1.1" 200 17341
[04/Dec/2025 12:24:52] "GET /static/admin/css/dark_mode.css HTTP/1.1" 200 2682
[04/Dec/2025 12:24:52] "GET /static/admin/css/nav_sidebar.css HTTP/1.1" 200 2810
[04/Dec/2025 12:24:52] "GET /static/admin/css/base.css HTTP/1.1" 200 21544
[04/Dec/2025 12:24:52] "GET /static/debug_toolbar/css/toolbar.css HTTP/1.1" 304 0
[04/Dec/2025 12:24:52] "GET /static/debug_toolbar/js/toolbar.js HTTP/1.1" 304 0
[04/Dec/2025 12:24:52] "GET /static/admin/css/dark_mode.css HTTP/1.1" 304 0
[04/Dec/2025 12:24:52] "GET /static/admin/css/login.css HTTP/1.1" 200 958
[04/Dec/2025 12:24:52] "GET /static/admin/css/base.css HTTP/1.1" 304 0
[04/Dec/2025 12:24:52] "GET /static/admin/js/nav_sidebar.js HTTP/1.1" 200 3063
[04/Dec/2025 12:24:52] "GET /static/admin/css/nav_sidebar.css HTTP/1.1" 304 0
[04/Dec/2025 12:24:52] "GET /static/debug_toolbar/css/toolbar.css HTTP/1.1" 304 0
[04/Dec/2025 12:24:52] "GET /static/debug_toolbar/js/utils.js HTTP/1.1" 304 0
[04/Dec/2025 12:24:52] "GET /static/debug_toolbar/js/toolbar.js HTTP/1.1" 304 0
[04/Dec/2025 12:24:52] "GET /static/admin/css/responsive.css HTTP/1.1" 200 17905
[04/Dec/2025 12:24:52] "GET /static/admin/js/nav_sidebar.js HTTP/1.1" 200 3063
[04/Dec/2025 12:24:52] "GET /static/admin/js/theme.js HTTP/1.1" 200 1943
[04/Dec/2025 12:24:52] "GET /static/admin/css/login.css HTTP/1.1" 200 958
[04/Dec/2025 12:24:52] "GET /static/admin/js/theme.js HTTP/1.1" 200 1943
[04/Dec/2025 12:24:52] "GET /static/admin/css/responsive.css HTTP/1.1" 200 17905
[04/Dec/2025 12:24:52] "GET /static/debug_toolbar/css/print.css HTTP/1.1" 200 43
[04/Dec/2025 12:24:52] "GET /static/debug_toolbar/js/utils.js HTTP/1.1" 304 0
[04/Dec/2025 12:24:52] "GET /static/debug_toolbar/css/print.css HTTP/1.1" 200 43
[04/Dec/2025 12:24:52] "GET /favicon.ico HTTP/1.1" 301 0
[04/Dec/2025 12:24:52] "GET /favicon.ico HTTP/1.1" 301 0
Internal Server Error: /favicon.ico/
Traceback (most recent call last):
  File "C:\Users\AYUSH\Downloads\admin\Greeva\greeva\pages\views.py", line 18, in dynamic_pages_view
    return render(request, f'pages/{template_name}.html')
           ^^^^^^^^^^^^^^^^^^^^^^^^^^^^^^^^^^^^^^^^^^^^^^
  File "c:\Users\AYUSH\Downloads\admin\Greeva\.venv312\Lib\site-packages\django\shortcuts.py", line 25, in render
    content = loader.render_to_string(template_name, context, request, using=using)
              ^^^^^^^^^^^^^^^^^^^^^^^^^^^^^^^^^^^^^^^^^^^^^^^^^^^^^^^^^^^^^^^^^^^^^
  File "c:\Users\AYUSH\Downloads\admin\Greeva\.venv312\Lib\site-packages\django\template\loader.py", line 61, in render_to_string
    template = get_template(template_name, using=using)
               ^^^^^^^^^^^^^^^^^^^^^^^^^^^^^^^^^^^^^^^^
  File "c:\Users\AYUSH\Downloads\admin\Greeva\.venv312\Lib\site-packages\django\template\loader.py", line 19, in get_template
    raise TemplateDoesNotExist(template_name, chain=chain)
django.template.exceptions.TemplateDoesNotExist: pages/favicon.ico.html

During handling of the above exception, another exception occurred:

Traceback (most recent call last):
  File "c:\Users\AYUSH\Downloads\admin\Greeva\.venv312\Lib\site-packages\django\core\handlers\exception.py", line 55, in inner
    response = get_response(request)
               ^^^^^^^^^^^^^^^^^^^^^
  File "c:\Users\AYUSH\Downloads\admin\Greeva\.venv312\Lib\site-packages\django\core\handlers\base.py", line 197, in _get_response
    response = wrapped_callback(request, *callback_args, **callback_kwargs)
               ^^^^^^^^^^^^^^^^^^^^^^^^^^^^^^^^^^^^^^^^^^^^^^^^^^^^^^^^^^^^
  File "C:\Users\AYUSH\AppData\Local\Programs\Python\Python312\Lib\contextlib.py", line 81, in inner
    return func(*args, **kwds)
           ^^^^^^^^^^^^^^^^^^^
  File "C:\Users\AYUSH\Downloads\admin\Greeva\greeva\pages\views.py", line 20, in dynamic_pages_view
    return render(request, f'pages/pages-404.html')
           ^^^^^^^^^^^^^^^^^^^^^^^^^^^^^^^^^^^^^^^^
  File "c:\Users\AYUSH\Downloads\admin\Greeva\.venv312\Lib\site-packages\django\shortcuts.py", line 25, in render
    content = loader.render_to_string(template_name, context, request, using=using)
              ^^^^^^^^^^^^^^^^^^^^^^^^^^^^^^^^^^^^^^^^^^^^^^^^^^^^^^^^^^^^^^^^^^^^^
  File "c:\Users\AYUSH\Downloads\admin\Greeva\.venv312\Lib\site-packages\django\template\loader.py", line 61, in render_to_string
    template = get_template(template_name, using=using)
               ^^^^^^^^^^^^^^^^^^^^^^^^^^^^^^^^^^^^^^^^
  File "c:\Users\AYUSH\Downloads\admin\Greeva\.venv312\Lib\site-packages\django\template\loader.py", line 19, in get_template
    raise TemplateDoesNotExist(template_name, chain=chain)
django.template.exceptions.TemplateDoesNotExist: pages/pages-404.html
ERROR 2025-12-04 12:24:53,002 log 16944 19736 Internal Server Error: /favicon.ico/
Traceback (most recent call last):
  File "C:\Users\AYUSH\Downloads\admin\Greeva\greeva\pages\views.py", line 18, in dynamic_pages_view
    return render(request, f'pages/{template_name}.html')
           ^^^^^^^^^^^^^^^^^^^^^^^^^^^^^^^^^^^^^^^^^^^^^^
  File "c:\Users\AYUSH\Downloads\admin\Greeva\.venv312\Lib\site-packages\django\shortcuts.py", line 25, in render
    content = loader.render_to_string(template_name, context, request, using=using)
              ^^^^^^^^^^^^^^^^^^^^^^^^^^^^^^^^^^^^^^^^^^^^^^^^^^^^^^^^^^^^^^^^^^^^^
  File "c:\Users\AYUSH\Downloads\admin\Greeva\.venv312\Lib\site-packages\django\template\loader.py", line 61, in render_to_string
    template = get_template(template_name, using=using)
               ^^^^^^^^^^^^^^^^^^^^^^^^^^^^^^^^^^^^^^^^
  File "c:\Users\AYUSH\Downloads\admin\Greeva\.venv312\Lib\site-packages\django\template\loader.py", line 19, in get_template
    raise TemplateDoesNotExist(template_name, chain=chain)
django.template.exceptions.TemplateDoesNotExist: pages/favicon.ico.html

During handling of the above exception, another exception occurred:

Traceback (most recent call last):
  File "c:\Users\AYUSH\Downloads\admin\Greeva\.venv312\Lib\site-packages\django\core\handlers\exception.py", line 55, in inner
    response = get_response(request)
               ^^^^^^^^^^^^^^^^^^^^^
  File "c:\Users\AYUSH\Downloads\admin\Greeva\.venv312\Lib\site-packages\django\core\handlers\base.py", line 197, in _get_response
    response = wrapped_callback(request, *callback_args, **callback_kwargs)
               ^^^^^^^^^^^^^^^^^^^^^^^^^^^^^^^^^^^^^^^^^^^^^^^^^^^^^^^^^^^^
  File "C:\Users\AYUSH\AppData\Local\Programs\Python\Python312\Lib\contextlib.py", line 81, in inner
    return func(*args, **kwds)
           ^^^^^^^^^^^^^^^^^^^
  File "C:\Users\AYUSH\Downloads\admin\Greeva\greeva\pages\views.py", line 20, in dynamic_pages_view
    return render(request, f'pages/pages-404.html')
           ^^^^^^^^^^^^^^^^^^^^^^^^^^^^^^^^^^^^^^^^
  File "c:\Users\AYUSH\Downloads\admin\Greeva\.venv312\Lib\site-packages\django\shortcuts.py", line 25, in render
    content = loader.render_to_string(template_name, context, request, using=using)
              ^^^^^^^^^^^^^^^^^^^^^^^^^^^^^^^^^^^^^^^^^^^^^^^^^^^^^^^^^^^^^^^^^^^^^
  File "c:\Users\AYUSH\Downloads\admin\Greeva\.venv312\Lib\site-packages\django\template\loader.py", line 61, in render_to_string
    template = get_template(template_name, using=using)
               ^^^^^^^^^^^^^^^^^^^^^^^^^^^^^^^^^^^^^^^^
  File "c:\Users\AYUSH\Downloads\admin\Greeva\.venv312\Lib\site-packages\django\template\loader.py", line 19, in get_template
    raise TemplateDoesNotExist(template_name, chain=chain)
django.template.exceptions.TemplateDoesNotExist: pages/pages-404.html
Internal Server Error: /favicon.ico/
Traceback (most recent call last):
  File "C:\Users\AYUSH\Downloads\admin\Greeva\greeva\pages\views.py", line 18, in dynamic_pages_view
    return render(request, f'pages/{template_name}.html')
           ^^^^^^^^^^^^^^^^^^^^^^^^^^^^^^^^^^^^^^^^^^^^^^
  File "c:\Users\AYUSH\Downloads\admin\Greeva\.venv312\Lib\site-packages\django\shortcuts.py", line 25, in render
    content = loader.render_to_string(template_name, context, request, using=using)
              ^^^^^^^^^^^^^^^^^^^^^^^^^^^^^^^^^^^^^^^^^^^^^^^^^^^^^^^^^^^^^^^^^^^^^
  File "c:\Users\AYUSH\Downloads\admin\Greeva\.venv312\Lib\site-packages\django\template\loader.py", line 61, in render_to_string
    template = get_template(template_name, using=using)
               ^^^^^^^^^^^^^^^^^^^^^^^^^^^^^^^^^^^^^^^^
  File "c:\Users\AYUSH\Downloads\admin\Greeva\.venv312\Lib\site-packages\django\template\loader.py", line 19, in get_template
    raise TemplateDoesNotExist(template_name, chain=chain)
django.template.exceptions.TemplateDoesNotExist: pages/favicon.ico.html

During handling of the above exception, another exception occurred:

Traceback (most recent call last):
  File "c:\Users\AYUSH\Downloads\admin\Greeva\.venv312\Lib\site-packages\django\core\handlers\exception.py", line 55, in inner
    response = get_response(request)
               ^^^^^^^^^^^^^^^^^^^^^
  File "c:\Users\AYUSH\Downloads\admin\Greeva\.venv312\Lib\site-packages\django\core\handlers\base.py", line 197, in _get_response
    response = wrapped_callback(request, *callback_args, **callback_kwargs)
               ^^^^^^^^^^^^^^^^^^^^^^^^^^^^^^^^^^^^^^^^^^^^^^^^^^^^^^^^^^^^
  File "C:\Users\AYUSH\AppData\Local\Programs\Python\Python312\Lib\contextlib.py", line 81, in inner
    return func(*args, **kwds)
           ^^^^^^^^^^^^^^^^^^^
  File "C:\Users\AYUSH\Downloads\admin\Greeva\greeva\pages\views.py", line 20, in dynamic_pages_view
    return render(request, f'pages/pages-404.html')
           ^^^^^^^^^^^^^^^^^^^^^^^^^^^^^^^^^^^^^^^^
  File "c:\Users\AYUSH\Downloads\admin\Greeva\.venv312\Lib\site-packages\django\shortcuts.py", line 25, in render
    content = loader.render_to_string(template_name, context, request, using=using)
              ^^^^^^^^^^^^^^^^^^^^^^^^^^^^^^^^^^^^^^^^^^^^^^^^^^^^^^^^^^^^^^^^^^^^^
  File "c:\Users\AYUSH\Downloads\admin\Greeva\.venv312\Lib\site-packages\django\template\loader.py", line 61, in render_to_string
    template = get_template(template_name, using=using)
               ^^^^^^^^^^^^^^^^^^^^^^^^^^^^^^^^^^^^^^^^
  File "c:\Users\AYUSH\Downloads\admin\Greeva\.venv312\Lib\site-packages\django\template\loader.py", line 19, in get_template
    raise TemplateDoesNotExist(template_name, chain=chain)
django.template.exceptions.TemplateDoesNotExist: pages/pages-404.html
ERROR 2025-12-04 12:24:53,025 log 16944 23624 Internal Server Error: /favicon.ico/
Traceback (most recent call last):
  File "C:\Users\AYUSH\Downloads\admin\Greeva\greeva\pages\views.py", line 18, in dynamic_pages_view
    return render(request, f'pages/{template_name}.html')
           ^^^^^^^^^^^^^^^^^^^^^^^^^^^^^^^^^^^^^^^^^^^^^^
  File "c:\Users\AYUSH\Downloads\admin\Greeva\.venv312\Lib\site-packages\django\shortcuts.py", line 25, in render
    content = loader.render_to_string(template_name, context, request, using=using)
              ^^^^^^^^^^^^^^^^^^^^^^^^^^^^^^^^^^^^^^^^^^^^^^^^^^^^^^^^^^^^^^^^^^^^^
  File "c:\Users\AYUSH\Downloads\admin\Greeva\.venv312\Lib\site-packages\django\template\loader.py", line 61, in render_to_string
    template = get_template(template_name, using=using)
               ^^^^^^^^^^^^^^^^^^^^^^^^^^^^^^^^^^^^^^^^
  File "c:\Users\AYUSH\Downloads\admin\Greeva\.venv312\Lib\site-packages\django\template\loader.py", line 19, in get_template
    raise TemplateDoesNotExist(template_name, chain=chain)
django.template.exceptions.TemplateDoesNotExist: pages/favicon.ico.html

During handling of the above exception, another exception occurred:

Traceback (most recent call last):
  File "c:\Users\AYUSH\Downloads\admin\Greeva\.venv312\Lib\site-packages\django\core\handlers\exception.py", line 55, in inner
    response = get_response(request)
               ^^^^^^^^^^^^^^^^^^^^^
  File "c:\Users\AYUSH\Downloads\admin\Greeva\.venv312\Lib\site-packages\django\core\handlers\base.py", line 197, in _get_response
    response = wrapped_callback(request, *callback_args, **callback_kwargs)
               ^^^^^^^^^^^^^^^^^^^^^^^^^^^^^^^^^^^^^^^^^^^^^^^^^^^^^^^^^^^^
  File "C:\Users\AYUSH\AppData\Local\Programs\Python\Python312\Lib\contextlib.py", line 81, in inner
    return func(*args, **kwds)
           ^^^^^^^^^^^^^^^^^^^
  File "C:\Users\AYUSH\Downloads\admin\Greeva\greeva\pages\views.py", line 20, in dynamic_pages_view
    return render(request, f'pages/pages-404.html')
           ^^^^^^^^^^^^^^^^^^^^^^^^^^^^^^^^^^^^^^^^
  File "c:\Users\AYUSH\Downloads\admin\Greeva\.venv312\Lib\site-packages\django\shortcuts.py", line 25, in render
    content = loader.render_to_string(template_name, context, request, using=using)
              ^^^^^^^^^^^^^^^^^^^^^^^^^^^^^^^^^^^^^^^^^^^^^^^^^^^^^^^^^^^^^^^^^^^^^
  File "c:\Users\AYUSH\Downloads\admin\Greeva\.venv312\Lib\site-packages\django\template\loader.py", line 61, in render_to_string
    template = get_template(template_name, using=using)
               ^^^^^^^^^^^^^^^^^^^^^^^^^^^^^^^^^^^^^^^^
  File "c:\Users\AYUSH\Downloads\admin\Greeva\.venv312\Lib\site-packages\django\template\loader.py", line 19, in get_template
    raise TemplateDoesNotExist(template_name, chain=chain)
django.template.exceptions.TemplateDoesNotExist: pages/pages-404.html
[04/Dec/2025 12:24:53] "GET /favicon.ico/ HTTP/1.1" 500 127064
[04/Dec/2025 12:24:53,528] - Broken pipe from ('127.0.0.1', 53304)
Forbidden (CSRF token from POST incorrect.): /admin/login/
WARNING 2025-12-04 12:25:17,688 log 16944 19736 Forbidden (CSRF token from POST incorrect.): /admin/login/
[04/Dec/2025 12:25:17] "POST /admin/login/?next=/admin/ HTTP/1.1" 403 13970
[04/Dec/2025 12:25:17] "GET /static/debug_toolbar/css/toolbar.css HTTP/1.1" 304 0
[04/Dec/2025 12:25:17] "GET /static/debug_toolbar/js/toolbar.js HTTP/1.1" 304 0
[04/Dec/2025 12:25:17] "GET /static/js/config.js HTTP/1.1" 304 0
[04/Dec/2025 12:25:17] "GET /static/css/app.min.css HTTP/1.1" 304 0
[04/Dec/2025 12:25:17] "GET /static/css/icons.min.css HTTP/1.1" 304 0
[04/Dec/2025 12:25:17] "GET /static/debug_toolbar/js/utils.js HTTP/1.1" 304 0
[04/Dec/2025 12:25:18] "GET /static/debug_toolbar/css/print.css HTTP/1.1" 304 0
[04/Dec/2025 12:25:46] "GET /admin/ HTTP/1.1" 302 0
[04/Dec/2025 12:25:46] "GET /admin/ HTTP/1.1" 302 0
[04/Dec/2025 12:25:47] "GET /admin/login/?next=/admin/ HTTP/1.1" 200 17341
[04/Dec/2025 12:25:47] "GET /static/admin/css/base.css HTTP/1.1" 304 0
[04/Dec/2025 12:25:47] "GET /static/admin/js/theme.js HTTP/1.1" 304 0
[04/Dec/2025 12:25:47] "GET /static/admin/css/dark_mode.css HTTP/1.1" 304 0
[04/Dec/2025 12:25:47] "GET /static/admin/css/login.css HTTP/1.1" 304 0
[04/Dec/2025 12:25:47] "GET /static/admin/css/nav_sidebar.css HTTP/1.1" 304 0
[04/Dec/2025 12:25:47] "GET /static/admin/js/nav_sidebar.js HTTP/1.1" 304 0
[04/Dec/2025 12:25:47] "GET /static/debug_toolbar/css/toolbar.css HTTP/1.1" 304 0
[04/Dec/2025 12:25:47] "GET /static/admin/css/responsive.css HTTP/1.1" 304 0
[04/Dec/2025 12:25:47] "GET /static/debug_toolbar/js/toolbar.js HTTP/1.1" 304 0
[04/Dec/2025 12:25:47] "GET /static/debug_toolbar/css/print.css HTTP/1.1" 304 0
[04/Dec/2025 12:25:47] "GET /static/debug_toolbar/js/utils.js HTTP/1.1" 304 0
[04/Dec/2025 12:25:47] "GET /admin/login/?next=/admin/ HTTP/1.1" 200 17341
[04/Dec/2025 12:25:47] "GET /static/admin/js/nav_sidebar.js HTTP/1.1" 304 0
[04/Dec/2025 12:25:47] "GET /static/admin/css/nav_sidebar.css HTTP/1.1" 304 0
[04/Dec/2025 12:25:47] "GET /static/admin/css/dark_mode.css HTTP/1.1" 304 0
[04/Dec/2025 12:25:47] "GET /static/admin/css/base.css HTTP/1.1" 304 0
[04/Dec/2025 12:25:47] "GET /static/admin/js/theme.js HTTP/1.1" 304 0
[04/Dec/2025 12:25:47] "GET /static/admin/css/responsive.css HTTP/1.1" 304 0
[04/Dec/2025 12:25:47] "GET /static/debug_toolbar/css/toolbar.css HTTP/1.1" 304 0
[04/Dec/2025 12:25:47] "GET /static/debug_toolbar/js/toolbar.js HTTP/1.1" 304 0
[04/Dec/2025 12:25:47] "GET /static/admin/css/login.css HTTP/1.1" 304 0
Internal Server Error: /favicon.ico/
Traceback (most recent call last):
  File "C:\Users\AYUSH\Downloads\admin\Greeva\greeva\pages\views.py", line 18, in dynamic_pages_view
    return render(request, f'pages/{template_name}.html')
           ^^^^^^^^^^^^^^^^^^^^^^^^^^^^^^^^^^^^^^^^^^^^^^
  File "c:\Users\AYUSH\Downloads\admin\Greeva\.venv312\Lib\site-packages\django\shortcuts.py", line 25, in render
    content = loader.render_to_string(template_name, context, request, using=using)
              ^^^^^^^^^^^^^^^^^^^^^^^^^^^^^^^^^^^^^^^^^^^^^^^^^^^^^^^^^^^^^^^^^^^^^
  File "c:\Users\AYUSH\Downloads\admin\Greeva\.venv312\Lib\site-packages\django\template\loader.py", line 61, in render_to_string
    template = get_template(template_name, using=using)
               ^^^^^^^^^^^^^^^^^^^^^^^^^^^^^^^^^^^^^^^^
  File "c:\Users\AYUSH\Downloads\admin\Greeva\.venv312\Lib\site-packages\django\template\loader.py", line 19, in get_template
    raise TemplateDoesNotExist(template_name, chain=chain)
django.template.exceptions.TemplateDoesNotExist: pages/favicon.ico.html

During handling of the above exception, another exception occurred:

Traceback (most recent call last):
  File "c:\Users\AYUSH\Downloads\admin\Greeva\.venv312\Lib\site-packages\django\core\handlers\exception.py", line 55, in inner
    response = get_response(request)
               ^^^^^^^^^^^^^^^^^^^^^
  File "c:\Users\AYUSH\Downloads\admin\Greeva\.venv312\Lib\site-packages\django\core\handlers\base.py", line 197, in _get_response
    response = wrapped_callback(request, *callback_args, **callback_kwargs)
               ^^^^^^^^^^^^^^^^^^^^^^^^^^^^^^^^^^^^^^^^^^^^^^^^^^^^^^^^^^^^
  File "C:\Users\AYUSH\AppData\Local\Programs\Python\Python312\Lib\contextlib.py", line 81, in inner
    return func(*args, **kwds)
           ^^^^^^^^^^^^^^^^^^^
  File "C:\Users\AYUSH\Downloads\admin\Greeva\greeva\pages\views.py", line 20, in dynamic_pages_view
    return render(request, f'pages/pages-404.html')
           ^^^^^^^^^^^^^^^^^^^^^^^^^^^^^^^^^^^^^^^^
  File "c:\Users\AYUSH\Downloads\admin\Greeva\.venv312\Lib\site-packages\django\shortcuts.py", line 25, in render
    content = loader.render_to_string(template_name, context, request, using=using)
              ^^^^^^^^^^^^^^^^^^^^^^^^^^^^^^^^^^^^^^^^^^^^^^^^^^^^^^^^^^^^^^^^^^^^^
  File "c:\Users\AYUSH\Downloads\admin\Greeva\.venv312\Lib\site-packages\django\template\loader.py", line 61, in render_to_string
    template = get_template(template_name, using=using)
               ^^^^^^^^^^^^^^^^^^^^^^^^^^^^^^^^^^^^^^^^
  File "c:\Users\AYUSH\Downloads\admin\Greeva\.venv312\Lib\site-packages\django\template\loader.py", line 19, in get_template
    raise TemplateDoesNotExist(template_name, chain=chain)
django.template.exceptions.TemplateDoesNotExist: pages/pages-404.html
[04/Dec/2025 12:25:47] "GET /static/debug_toolbar/js/utils.js HTTP/1.1" 304 0
ERROR 2025-12-04 12:25:47,426 log 16944 19736 Internal Server Error: /favicon.ico/
Traceback (most recent call last):
  File "C:\Users\AYUSH\Downloads\admin\Greeva\greeva\pages\views.py", line 18, in dynamic_pages_view
    return render(request, f'pages/{template_name}.html')
           ^^^^^^^^^^^^^^^^^^^^^^^^^^^^^^^^^^^^^^^^^^^^^^
  File "c:\Users\AYUSH\Downloads\admin\Greeva\.venv312\Lib\site-packages\django\shortcuts.py", line 25, in render
    content = loader.render_to_string(template_name, context, request, using=using)
              ^^^^^^^^^^^^^^^^^^^^^^^^^^^^^^^^^^^^^^^^^^^^^^^^^^^^^^^^^^^^^^^^^^^^^
  File "c:\Users\AYUSH\Downloads\admin\Greeva\.venv312\Lib\site-packages\django\template\loader.py", line 61, in render_to_string
    template = get_template(template_name, using=using)
               ^^^^^^^^^^^^^^^^^^^^^^^^^^^^^^^^^^^^^^^^
  File "c:\Users\AYUSH\Downloads\admin\Greeva\.venv312\Lib\site-packages\django\template\loader.py", line 19, in get_template
    raise TemplateDoesNotExist(template_name, chain=chain)
django.template.exceptions.TemplateDoesNotExist: pages/favicon.ico.html

During handling of the above exception, another exception occurred:

Traceback (most recent call last):
  File "c:\Users\AYUSH\Downloads\admin\Greeva\.venv312\Lib\site-packages\django\core\handlers\exception.py", line 55, in inner
    response = get_response(request)
               ^^^^^^^^^^^^^^^^^^^^^
  File "c:\Users\AYUSH\Downloads\admin\Greeva\.venv312\Lib\site-packages\django\core\handlers\base.py", line 197, in _get_response
    response = wrapped_callback(request, *callback_args, **callback_kwargs)
               ^^^^^^^^^^^^^^^^^^^^^^^^^^^^^^^^^^^^^^^^^^^^^^^^^^^^^^^^^^^^
  File "C:\Users\AYUSH\AppData\Local\Programs\Python\Python312\Lib\contextlib.py", line 81, in inner
    return func(*args, **kwds)
           ^^^^^^^^^^^^^^^^^^^
  File "C:\Users\AYUSH\Downloads\admin\Greeva\greeva\pages\views.py", line 20, in dynamic_pages_view
    return render(request, f'pages/pages-404.html')
           ^^^^^^^^^^^^^^^^^^^^^^^^^^^^^^^^^^^^^^^^
  File "c:\Users\AYUSH\Downloads\admin\Greeva\.venv312\Lib\site-packages\django\shortcuts.py", line 25, in render
    content = loader.render_to_string(template_name, context, request, using=using)
              ^^^^^^^^^^^^^^^^^^^^^^^^^^^^^^^^^^^^^^^^^^^^^^^^^^^^^^^^^^^^^^^^^^^^^
  File "c:\Users\AYUSH\Downloads\admin\Greeva\.venv312\Lib\site-packages\django\template\loader.py", line 61, in render_to_string
    template = get_template(template_name, using=using)
               ^^^^^^^^^^^^^^^^^^^^^^^^^^^^^^^^^^^^^^^^
  File "c:\Users\AYUSH\Downloads\admin\Greeva\.venv312\Lib\site-packages\django\template\loader.py", line 19, in get_template
    raise TemplateDoesNotExist(template_name, chain=chain)
django.template.exceptions.TemplateDoesNotExist: pages/pages-404.html
[04/Dec/2025 12:25:47] "GET /static/debug_toolbar/css/print.css HTTP/1.1" 304 0
[04/Dec/2025 12:25:47] "GET /favicon.ico/ HTTP/1.1" 500 127064
[04/Dec/2025 12:25:59] "GET /admin/ HTTP/1.1" 302 0
[04/Dec/2025 12:25:59] "GET /admin/login/?next=/admin/ HTTP/1.1" 200 17341
[04/Dec/2025 12:25:59] "GET /static/admin/css/dark_mode.css HTTP/1.1" 200 2682
[04/Dec/2025 12:25:59] "GET /static/admin/css/base.css HTTP/1.1" 200 21544
[04/Dec/2025 12:25:59] "GET /static/admin/css/login.css HTTP/1.1" 200 958
[04/Dec/2025 12:25:59] "GET /static/admin/css/nav_sidebar.css HTTP/1.1" 200 2810
[04/Dec/2025 12:25:59] "GET /static/debug_toolbar/css/toolbar.css HTTP/1.1" 304 0
[04/Dec/2025 12:25:59] "GET /static/admin/css/responsive.css HTTP/1.1" 200 17905
[04/Dec/2025 12:25:59] "GET /static/debug_toolbar/js/toolbar.js HTTP/1.1" 304 0
[04/Dec/2025 12:25:59] "GET /static/admin/js/nav_sidebar.js HTTP/1.1" 200 3063
[04/Dec/2025 12:25:59] "GET /static/admin/js/theme.js HTTP/1.1" 200 1943
[04/Dec/2025 12:25:59] "GET /static/debug_toolbar/css/print.css HTTP/1.1" 304 0
[04/Dec/2025 12:25:59] "GET /static/debug_toolbar/js/utils.js HTTP/1.1" 304 0
[04/Dec/2025 12:25:59] "GET /favicon.ico HTTP/1.1" 301 0
Internal Server Error: /favicon.ico/
Traceback (most recent call last):
  File "C:\Users\AYUSH\Downloads\admin\Greeva\greeva\pages\views.py", line 18, in dynamic_pages_view
    return render(request, f'pages/{template_name}.html')
           ^^^^^^^^^^^^^^^^^^^^^^^^^^^^^^^^^^^^^^^^^^^^^^
  File "c:\Users\AYUSH\Downloads\admin\Greeva\.venv312\Lib\site-packages\django\shortcuts.py", line 25, in render
    content = loader.render_to_string(template_name, context, request, using=using)
              ^^^^^^^^^^^^^^^^^^^^^^^^^^^^^^^^^^^^^^^^^^^^^^^^^^^^^^^^^^^^^^^^^^^^^
  File "c:\Users\AYUSH\Downloads\admin\Greeva\.venv312\Lib\site-packages\django\template\loader.py", line 61, in render_to_string
    template = get_template(template_name, using=using)
               ^^^^^^^^^^^^^^^^^^^^^^^^^^^^^^^^^^^^^^^^
  File "c:\Users\AYUSH\Downloads\admin\Greeva\.venv312\Lib\site-packages\django\template\loader.py", line 19, in get_template
    raise TemplateDoesNotExist(template_name, chain=chain)
django.template.exceptions.TemplateDoesNotExist: pages/favicon.ico.html

During handling of the above exception, another exception occurred:

Traceback (most recent call last):
  File "c:\Users\AYUSH\Downloads\admin\Greeva\.venv312\Lib\site-packages\django\core\handlers\exception.py", line 55, in inner
    response = get_response(request)
               ^^^^^^^^^^^^^^^^^^^^^
  File "c:\Users\AYUSH\Downloads\admin\Greeva\.venv312\Lib\site-packages\django\core\handlers\base.py", line 197, in _get_response
    response = wrapped_callback(request, *callback_args, **callback_kwargs)
               ^^^^^^^^^^^^^^^^^^^^^^^^^^^^^^^^^^^^^^^^^^^^^^^^^^^^^^^^^^^^
  File "C:\Users\AYUSH\AppData\Local\Programs\Python\Python312\Lib\contextlib.py", line 81, in inner
    return func(*args, **kwds)
           ^^^^^^^^^^^^^^^^^^^
  File "C:\Users\AYUSH\Downloads\admin\Greeva\greeva\pages\views.py", line 20, in dynamic_pages_view
    return render(request, f'pages/pages-404.html')
           ^^^^^^^^^^^^^^^^^^^^^^^^^^^^^^^^^^^^^^^^
  File "c:\Users\AYUSH\Downloads\admin\Greeva\.venv312\Lib\site-packages\django\shortcuts.py", line 25, in render
    content = loader.render_to_string(template_name, context, request, using=using)
              ^^^^^^^^^^^^^^^^^^^^^^^^^^^^^^^^^^^^^^^^^^^^^^^^^^^^^^^^^^^^^^^^^^^^^
  File "c:\Users\AYUSH\Downloads\admin\Greeva\.venv312\Lib\site-packages\django\template\loader.py", line 61, in render_to_string
    template = get_template(template_name, using=using)
               ^^^^^^^^^^^^^^^^^^^^^^^^^^^^^^^^^^^^^^^^
  File "c:\Users\AYUSH\Downloads\admin\Greeva\.venv312\Lib\site-packages\django\template\loader.py", line 19, in get_template
    raise TemplateDoesNotExist(template_name, chain=chain)
django.template.exceptions.TemplateDoesNotExist: pages/pages-404.html
ERROR 2025-12-04 12:25:59,649 log 16944 23484 Internal Server Error: /favicon.ico/
Traceback (most recent call last):
  File "C:\Users\AYUSH\Downloads\admin\Greeva\greeva\pages\views.py", line 18, in dynamic_pages_view
    return render(request, f'pages/{template_name}.html')
           ^^^^^^^^^^^^^^^^^^^^^^^^^^^^^^^^^^^^^^^^^^^^^^
  File "c:\Users\AYUSH\Downloads\admin\Greeva\.venv312\Lib\site-packages\django\shortcuts.py", line 25, in render
    content = loader.render_to_string(template_name, context, request, using=using)
              ^^^^^^^^^^^^^^^^^^^^^^^^^^^^^^^^^^^^^^^^^^^^^^^^^^^^^^^^^^^^^^^^^^^^^
  File "c:\Users\AYUSH\Downloads\admin\Greeva\.venv312\Lib\site-packages\django\template\loader.py", line 61, in render_to_string
    template = get_template(template_name, using=using)
               ^^^^^^^^^^^^^^^^^^^^^^^^^^^^^^^^^^^^^^^^
  File "c:\Users\AYUSH\Downloads\admin\Greeva\.venv312\Lib\site-packages\django\template\loader.py", line 19, in get_template
    raise TemplateDoesNotExist(template_name, chain=chain)
django.template.exceptions.TemplateDoesNotExist: pages/favicon.ico.html

During handling of the above exception, another exception occurred:

Traceback (most recent call last):
  File "c:\Users\AYUSH\Downloads\admin\Greeva\.venv312\Lib\site-packages\django\core\handlers\exception.py", line 55, in inner
    response = get_response(request)
               ^^^^^^^^^^^^^^^^^^^^^
  File "c:\Users\AYUSH\Downloads\admin\Greeva\.venv312\Lib\site-packages\django\core\handlers\base.py", line 197, in _get_response
    response = wrapped_callback(request, *callback_args, **callback_kwargs)
               ^^^^^^^^^^^^^^^^^^^^^^^^^^^^^^^^^^^^^^^^^^^^^^^^^^^^^^^^^^^^
  File "C:\Users\AYUSH\AppData\Local\Programs\Python\Python312\Lib\contextlib.py", line 81, in inner
    return func(*args, **kwds)
           ^^^^^^^^^^^^^^^^^^^
  File "C:\Users\AYUSH\Downloads\admin\Greeva\greeva\pages\views.py", line 20, in dynamic_pages_view
    return render(request, f'pages/pages-404.html')
           ^^^^^^^^^^^^^^^^^^^^^^^^^^^^^^^^^^^^^^^^
  File "c:\Users\AYUSH\Downloads\admin\Greeva\.venv312\Lib\site-packages\django\shortcuts.py", line 25, in render
    content = loader.render_to_string(template_name, context, request, using=using)
              ^^^^^^^^^^^^^^^^^^^^^^^^^^^^^^^^^^^^^^^^^^^^^^^^^^^^^^^^^^^^^^^^^^^^^
  File "c:\Users\AYUSH\Downloads\admin\Greeva\.venv312\Lib\site-packages\django\template\loader.py", line 61, in render_to_string
    template = get_template(template_name, using=using)
               ^^^^^^^^^^^^^^^^^^^^^^^^^^^^^^^^^^^^^^^^
  File "c:\Users\AYUSH\Downloads\admin\Greeva\.venv312\Lib\site-packages\django\template\loader.py", line 19, in get_template
    raise TemplateDoesNotExist(template_name, chain=chain)
django.template.exceptions.TemplateDoesNotExist: pages/pages-404.html
[04/Dec/2025 12:25:59] "GET /favicon.ico/ HTTP/1.1" 500 127519
[04/Dec/2025 12:26:20] "POST /admin/login/?next=/admin/ HTTP/1.1" 302 0
[04/Dec/2025 12:26:21] "GET /admin/ HTTP/1.1" 200 26799
[04/Dec/2025 12:26:21] "GET /static/admin/css/dark_mode.css HTTP/1.1" 304 0
[04/Dec/2025 12:26:21] "GET /static/admin/css/nav_sidebar.css HTTP/1.1" 304 0
[04/Dec/2025 12:26:21] "GET /static/admin/css/base.css HTTP/1.1" 304 0
[04/Dec/2025 12:26:21] "GET /static/admin/css/responsive.css HTTP/1.1" 304 0
[04/Dec/2025 12:26:21] "GET /static/admin/js/theme.js HTTP/1.1" 304 0
[04/Dec/2025 12:26:21] "GET /static/admin/js/nav_sidebar.js HTTP/1.1" 304 0
[04/Dec/2025 12:26:21] "GET /static/debug_toolbar/css/toolbar.css HTTP/1.1" 304 0
[04/Dec/2025 12:26:21] "GET /static/debug_toolbar/js/toolbar.js HTTP/1.1" 304 0
[04/Dec/2025 12:26:21] "GET /static/admin/css/dashboard.css HTTP/1.1" 200 441
[04/Dec/2025 12:26:21] "GET /static/debug_toolbar/css/print.css HTTP/1.1" 304 0
[04/Dec/2025 12:26:21] "GET /static/admin/img/icon-changelink.svg HTTP/1.1" 200 380
[04/Dec/2025 12:26:21] "GET /static/admin/img/icon-addlink.svg HTTP/1.1" 200 331
[04/Dec/2025 12:26:21] "GET /static/debug_toolbar/js/utils.js HTTP/1.1" 304 0
[04/Dec/2025 12:26:21] "GET /favicon.ico HTTP/1.1" 301 0
Internal Server Error: /favicon.ico/
Traceback (most recent call last):
  File "C:\Users\AYUSH\Downloads\admin\Greeva\greeva\pages\views.py", line 18, in dynamic_pages_view
    return render(request, f'pages/{template_name}.html')
           ^^^^^^^^^^^^^^^^^^^^^^^^^^^^^^^^^^^^^^^^^^^^^^
  File "c:\Users\AYUSH\Downloads\admin\Greeva\.venv312\Lib\site-packages\django\shortcuts.py", line 25, in render
    content = loader.render_to_string(template_name, context, request, using=using)
              ^^^^^^^^^^^^^^^^^^^^^^^^^^^^^^^^^^^^^^^^^^^^^^^^^^^^^^^^^^^^^^^^^^^^^
  File "c:\Users\AYUSH\Downloads\admin\Greeva\.venv312\Lib\site-packages\django\template\loader.py", line 61, in render_to_string
    template = get_template(template_name, using=using)
               ^^^^^^^^^^^^^^^^^^^^^^^^^^^^^^^^^^^^^^^^
  File "c:\Users\AYUSH\Downloads\admin\Greeva\.venv312\Lib\site-packages\django\template\loader.py", line 19, in get_template
    raise TemplateDoesNotExist(template_name, chain=chain)
django.template.exceptions.TemplateDoesNotExist: pages/favicon.ico.html

During handling of the above exception, another exception occurred:

Traceback (most recent call last):
  File "c:\Users\AYUSH\Downloads\admin\Greeva\.venv312\Lib\site-packages\django\core\handlers\exception.py", line 55, in inner
    response = get_response(request)
               ^^^^^^^^^^^^^^^^^^^^^
  File "c:\Users\AYUSH\Downloads\admin\Greeva\.venv312\Lib\site-packages\django\core\handlers\base.py", line 197, in _get_response
    response = wrapped_callback(request, *callback_args, **callback_kwargs)
               ^^^^^^^^^^^^^^^^^^^^^^^^^^^^^^^^^^^^^^^^^^^^^^^^^^^^^^^^^^^^
  File "C:\Users\AYUSH\AppData\Local\Programs\Python\Python312\Lib\contextlib.py", line 81, in inner
    return func(*args, **kwds)
           ^^^^^^^^^^^^^^^^^^^
  File "C:\Users\AYUSH\Downloads\admin\Greeva\greeva\pages\views.py", line 20, in dynamic_pages_view
    return render(request, f'pages/pages-404.html')
           ^^^^^^^^^^^^^^^^^^^^^^^^^^^^^^^^^^^^^^^^
  File "c:\Users\AYUSH\Downloads\admin\Greeva\.venv312\Lib\site-packages\django\shortcuts.py", line 25, in render
    content = loader.render_to_string(template_name, context, request, using=using)
              ^^^^^^^^^^^^^^^^^^^^^^^^^^^^^^^^^^^^^^^^^^^^^^^^^^^^^^^^^^^^^^^^^^^^^
  File "c:\Users\AYUSH\Downloads\admin\Greeva\.venv312\Lib\site-packages\django\template\loader.py", line 61, in render_to_string
    template = get_template(template_name, using=using)
               ^^^^^^^^^^^^^^^^^^^^^^^^^^^^^^^^^^^^^^^^
  File "c:\Users\AYUSH\Downloads\admin\Greeva\.venv312\Lib\site-packages\django\template\loader.py", line 19, in get_template
    raise TemplateDoesNotExist(template_name, chain=chain)
django.template.exceptions.TemplateDoesNotExist: pages/pages-404.html
ERROR 2025-12-04 12:26:21,812 log 16944 25828 Internal Server Error: /favicon.ico/
Traceback (most recent call last):
  File "C:\Users\AYUSH\Downloads\admin\Greeva\greeva\pages\views.py", line 18, in dynamic_pages_view
    return render(request, f'pages/{template_name}.html')
           ^^^^^^^^^^^^^^^^^^^^^^^^^^^^^^^^^^^^^^^^^^^^^^
  File "c:\Users\AYUSH\Downloads\admin\Greeva\.venv312\Lib\site-packages\django\shortcuts.py", line 25, in render
    content = loader.render_to_string(template_name, context, request, using=using)
              ^^^^^^^^^^^^^^^^^^^^^^^^^^^^^^^^^^^^^^^^^^^^^^^^^^^^^^^^^^^^^^^^^^^^^
  File "c:\Users\AYUSH\Downloads\admin\Greeva\.venv312\Lib\site-packages\django\template\loader.py", line 61, in render_to_string
    template = get_template(template_name, using=using)
               ^^^^^^^^^^^^^^^^^^^^^^^^^^^^^^^^^^^^^^^^
  File "c:\Users\AYUSH\Downloads\admin\Greeva\.venv312\Lib\site-packages\django\template\loader.py", line 19, in get_template
    raise TemplateDoesNotExist(template_name, chain=chain)
django.template.exceptions.TemplateDoesNotExist: pages/favicon.ico.html

During handling of the above exception, another exception occurred:

Traceback (most recent call last):
  File "c:\Users\AYUSH\Downloads\admin\Greeva\.venv312\Lib\site-packages\django\core\handlers\exception.py", line 55, in inner
    response = get_response(request)
               ^^^^^^^^^^^^^^^^^^^^^
  File "c:\Users\AYUSH\Downloads\admin\Greeva\.venv312\Lib\site-packages\django\core\handlers\base.py", line 197, in _get_response
    response = wrapped_callback(request, *callback_args, **callback_kwargs)
               ^^^^^^^^^^^^^^^^^^^^^^^^^^^^^^^^^^^^^^^^^^^^^^^^^^^^^^^^^^^^
  File "C:\Users\AYUSH\AppData\Local\Programs\Python\Python312\Lib\contextlib.py", line 81, in inner
    return func(*args, **kwds)
           ^^^^^^^^^^^^^^^^^^^
  File "C:\Users\AYUSH\Downloads\admin\Greeva\greeva\pages\views.py", line 20, in dynamic_pages_view
    return render(request, f'pages/pages-404.html')
           ^^^^^^^^^^^^^^^^^^^^^^^^^^^^^^^^^^^^^^^^
  File "c:\Users\AYUSH\Downloads\admin\Greeva\.venv312\Lib\site-packages\django\shortcuts.py", line 25, in render
    content = loader.render_to_string(template_name, context, request, using=using)
              ^^^^^^^^^^^^^^^^^^^^^^^^^^^^^^^^^^^^^^^^^^^^^^^^^^^^^^^^^^^^^^^^^^^^^
  File "c:\Users\AYUSH\Downloads\admin\Greeva\.venv312\Lib\site-packages\django\template\loader.py", line 61, in render_to_string
    template = get_template(template_name, using=using)
               ^^^^^^^^^^^^^^^^^^^^^^^^^^^^^^^^^^^^^^^^
  File "c:\Users\AYUSH\Downloads\admin\Greeva\.venv312\Lib\site-packages\django\template\loader.py", line 19, in get_template
    raise TemplateDoesNotExist(template_name, chain=chain)
django.template.exceptions.TemplateDoesNotExist: pages/pages-404.html
[04/Dec/2025 12:26:22] "GET /favicon.ico/ HTTP/1.1" 500 127655
[04/Dec/2025 12:26:45] "GET /admin/hydroponics/device/add/ HTTP/1.1" 200 38294
[04/Dec/2025 12:26:45] "GET /static/admin/css/base.css HTTP/1.1" 304 0
[04/Dec/2025 12:26:45] "GET /static/admin/css/dark_mode.css HTTP/1.1" 304 0
[04/Dec/2025 12:26:45] "GET /static/admin/css/nav_sidebar.css HTTP/1.1" 304 0
[04/Dec/2025 12:26:45] "GET /static/admin/css/responsive.css HTTP/1.1" 304 0
[04/Dec/2025 12:26:45] "GET /static/admin/css/forms.css HTTP/1.1" 200 9090
[04/Dec/2025 12:26:45] "GET /static/admin/js/jquery.init.js HTTP/1.1" 200 347
[04/Dec/2025 12:26:45] "GET /static/admin/js/core.js HTTP/1.1" 200 6208
[04/Dec/2025 12:26:45] "GET /static/admin/js/admin/RelatedObjectLookups.js HTTP/1.1" 200 9042
[04/Dec/2025 12:26:45] "GET /static/admin/css/widgets.css HTTP/1.1" 200 11800
[04/Dec/2025 12:26:45] "GET /static/admin/js/actions.js HTTP/1.1" 200 8067
[04/Dec/2025 12:26:45] "GET /static/debug_toolbar/js/toolbar.js HTTP/1.1" 304 0
[04/Dec/2025 12:26:45] "GET /static/admin/js/urlify.js HTTP/1.1" 200 7887
[04/Dec/2025 12:26:45] "GET /static/debug_toolbar/css/toolbar.css HTTP/1.1" 304 0
[04/Dec/2025 12:26:45] "GET /static/admin/js/prepopulate.js HTTP/1.1" 200 1531
[04/Dec/2025 12:26:45] "GET /static/admin/img/icon-addlink.svg HTTP/1.1" 304 0
[04/Dec/2025 12:26:45] "GET /static/admin/img/icon-changelink.svg HTTP/1.1" 304 0
[04/Dec/2025 12:26:45] "GET /static/admin/js/prepopulate_init.js HTTP/1.1" 200 586
[04/Dec/2025 12:26:45] "GET /static/admin/js/vendor/jquery/jquery.js HTTP/1.1" 200 285314
[04/Dec/2025 12:26:45] "GET /admin/jsi18n/ HTTP/1.1" 200 3342
[04/Dec/2025 12:26:45] "GET /static/admin/js/theme.js HTTP/1.1" 304 0
[04/Dec/2025 12:26:45] "GET /static/admin/js/vendor/xregexp/xregexp.js HTTP/1.1" 200 325171
[04/Dec/2025 12:26:45] "GET /static/admin/js/nav_sidebar.js HTTP/1.1" 304 0
[04/Dec/2025 12:26:45] "GET /static/debug_toolbar/css/print.css HTTP/1.1" 304 0
[04/Dec/2025 12:26:45] "GET /static/admin/img/icon-viewlink.svg HTTP/1.1" 200 581
[04/Dec/2025 12:26:45] "GET /static/admin/js/change_form.js HTTP/1.1" 200 606
[04/Dec/2025 12:26:45] "GET /static/debug_toolbar/js/utils.js HTTP/1.1" 304 0
Internal Server Error: /favicon.ico/
Traceback (most recent call last):
  File "C:\Users\AYUSH\Downloads\admin\Greeva\greeva\pages\views.py", line 18, in dynamic_pages_view
    return render(request, f'pages/{template_name}.html')
           ^^^^^^^^^^^^^^^^^^^^^^^^^^^^^^^^^^^^^^^^^^^^^^
  File "c:\Users\AYUSH\Downloads\admin\Greeva\.venv312\Lib\site-packages\django\shortcuts.py", line 25, in render
    content = loader.render_to_string(template_name, context, request, using=using)
              ^^^^^^^^^^^^^^^^^^^^^^^^^^^^^^^^^^^^^^^^^^^^^^^^^^^^^^^^^^^^^^^^^^^^^
  File "c:\Users\AYUSH\Downloads\admin\Greeva\.venv312\Lib\site-packages\django\template\loader.py", line 61, in render_to_string
    template = get_template(template_name, using=using)
               ^^^^^^^^^^^^^^^^^^^^^^^^^^^^^^^^^^^^^^^^
  File "c:\Users\AYUSH\Downloads\admin\Greeva\.venv312\Lib\site-packages\django\template\loader.py", line 19, in get_template
    raise TemplateDoesNotExist(template_name, chain=chain)
django.template.exceptions.TemplateDoesNotExist: pages/favicon.ico.html

During handling of the above exception, another exception occurred:

Traceback (most recent call last):
  File "c:\Users\AYUSH\Downloads\admin\Greeva\.venv312\Lib\site-packages\django\core\handlers\exception.py", line 55, in inner
    response = get_response(request)
               ^^^^^^^^^^^^^^^^^^^^^
  File "c:\Users\AYUSH\Downloads\admin\Greeva\.venv312\Lib\site-packages\django\core\handlers\base.py", line 197, in _get_response
    response = wrapped_callback(request, *callback_args, **callback_kwargs)
               ^^^^^^^^^^^^^^^^^^^^^^^^^^^^^^^^^^^^^^^^^^^^^^^^^^^^^^^^^^^^
  File "C:\Users\AYUSH\AppData\Local\Programs\Python\Python312\Lib\contextlib.py", line 81, in inner
    return func(*args, **kwds)
           ^^^^^^^^^^^^^^^^^^^
  File "C:\Users\AYUSH\Downloads\admin\Greeva\greeva\pages\views.py", line 20, in dynamic_pages_view
    return render(request, f'pages/pages-404.html')
           ^^^^^^^^^^^^^^^^^^^^^^^^^^^^^^^^^^^^^^^^
  File "c:\Users\AYUSH\Downloads\admin\Greeva\.venv312\Lib\site-packages\django\shortcuts.py", line 25, in render
    content = loader.render_to_string(template_name, context, request, using=using)
              ^^^^^^^^^^^^^^^^^^^^^^^^^^^^^^^^^^^^^^^^^^^^^^^^^^^^^^^^^^^^^^^^^^^^^
  File "c:\Users\AYUSH\Downloads\admin\Greeva\.venv312\Lib\site-packages\django\template\loader.py", line 61, in render_to_string
    template = get_template(template_name, using=using)
               ^^^^^^^^^^^^^^^^^^^^^^^^^^^^^^^^^^^^^^^^
  File "c:\Users\AYUSH\Downloads\admin\Greeva\.venv312\Lib\site-packages\django\template\loader.py", line 19, in get_template
    raise TemplateDoesNotExist(template_name, chain=chain)
django.template.exceptions.TemplateDoesNotExist: pages/pages-404.html
ERROR 2025-12-04 12:26:45,693 log 16944 25828 Internal Server Error: /favicon.ico/
Traceback (most recent call last):
  File "C:\Users\AYUSH\Downloads\admin\Greeva\greeva\pages\views.py", line 18, in dynamic_pages_view
    return render(request, f'pages/{template_name}.html')
           ^^^^^^^^^^^^^^^^^^^^^^^^^^^^^^^^^^^^^^^^^^^^^^
  File "c:\Users\AYUSH\Downloads\admin\Greeva\.venv312\Lib\site-packages\django\shortcuts.py", line 25, in render
    content = loader.render_to_string(template_name, context, request, using=using)
              ^^^^^^^^^^^^^^^^^^^^^^^^^^^^^^^^^^^^^^^^^^^^^^^^^^^^^^^^^^^^^^^^^^^^^
  File "c:\Users\AYUSH\Downloads\admin\Greeva\.venv312\Lib\site-packages\django\template\loader.py", line 61, in render_to_string
    template = get_template(template_name, using=using)
               ^^^^^^^^^^^^^^^^^^^^^^^^^^^^^^^^^^^^^^^^
  File "c:\Users\AYUSH\Downloads\admin\Greeva\.venv312\Lib\site-packages\django\template\loader.py", line 19, in get_template
    raise TemplateDoesNotExist(template_name, chain=chain)
django.template.exceptions.TemplateDoesNotExist: pages/favicon.ico.html

During handling of the above exception, another exception occurred:

Traceback (most recent call last):
  File "c:\Users\AYUSH\Downloads\admin\Greeva\.venv312\Lib\site-packages\django\core\handlers\exception.py", line 55, in inner
    response = get_response(request)
               ^^^^^^^^^^^^^^^^^^^^^
  File "c:\Users\AYUSH\Downloads\admin\Greeva\.venv312\Lib\site-packages\django\core\handlers\base.py", line 197, in _get_response
    response = wrapped_callback(request, *callback_args, **callback_kwargs)
               ^^^^^^^^^^^^^^^^^^^^^^^^^^^^^^^^^^^^^^^^^^^^^^^^^^^^^^^^^^^^
  File "C:\Users\AYUSH\AppData\Local\Programs\Python\Python312\Lib\contextlib.py", line 81, in inner
    return func(*args, **kwds)
           ^^^^^^^^^^^^^^^^^^^
  File "C:\Users\AYUSH\Downloads\admin\Greeva\greeva\pages\views.py", line 20, in dynamic_pages_view
    return render(request, f'pages/pages-404.html')
           ^^^^^^^^^^^^^^^^^^^^^^^^^^^^^^^^^^^^^^^^
  File "c:\Users\AYUSH\Downloads\admin\Greeva\.venv312\Lib\site-packages\django\shortcuts.py", line 25, in render
    content = loader.render_to_string(template_name, context, request, using=using)
              ^^^^^^^^^^^^^^^^^^^^^^^^^^^^^^^^^^^^^^^^^^^^^^^^^^^^^^^^^^^^^^^^^^^^^
  File "c:\Users\AYUSH\Downloads\admin\Greeva\.venv312\Lib\site-packages\django\template\loader.py", line 61, in render_to_string
    template = get_template(template_name, using=using)
               ^^^^^^^^^^^^^^^^^^^^^^^^^^^^^^^^^^^^^^^^
  File "c:\Users\AYUSH\Downloads\admin\Greeva\.venv312\Lib\site-packages\django\template\loader.py", line 19, in get_template
    raise TemplateDoesNotExist(template_name, chain=chain)
django.template.exceptions.TemplateDoesNotExist: pages/pages-404.html
[04/Dec/2025 12:26:45] "GET /favicon.ico/ HTTP/1.1" 500 127678
[04/Dec/2025 12:27:47] "GET /admin/hydroponics/educationalcontent/ HTTP/1.1" 200 32442
[04/Dec/2025 12:27:47] "GET /static/admin/css/nav_sidebar.css HTTP/1.1" 304 0
[04/Dec/2025 12:27:47] "GET /static/admin/css/dark_mode.css HTTP/1.1" 304 0
[04/Dec/2025 12:27:47] "GET /static/admin/css/base.css HTTP/1.1" 304 0
[04/Dec/2025 12:27:47] "GET /static/admin/js/vendor/jquery/jquery.js HTTP/1.1" 304 0
[04/Dec/2025 12:27:47] "GET /static/admin/css/responsive.css HTTP/1.1" 304 0
[04/Dec/2025 12:27:47] "GET /static/admin/js/jquery.init.js HTTP/1.1" 304 0
[04/Dec/2025 12:27:47] "GET /static/admin/js/core.js HTTP/1.1" 304 0
[04/Dec/2025 12:27:47] "GET /static/admin/js/admin/RelatedObjectLookups.js HTTP/1.1" 304 0
[04/Dec/2025 12:27:47] "GET /static/admin/js/actions.js HTTP/1.1" 304 0
[04/Dec/2025 12:27:47] "GET /static/admin/js/urlify.js HTTP/1.1" 304 0
[04/Dec/2025 12:27:47] "GET /static/admin/js/prepopulate.js HTTP/1.1" 304 0
[04/Dec/2025 12:27:47] "GET /static/admin/js/vendor/xregexp/xregexp.js HTTP/1.1" 304 0
[04/Dec/2025 12:27:47] "GET /static/admin/css/changelists.css HTTP/1.1" 200 6811
[04/Dec/2025 12:27:47] "GET /static/debug_toolbar/js/toolbar.js HTTP/1.1" 304 0
[04/Dec/2025 12:27:47] "GET /static/debug_toolbar/css/toolbar.css HTTP/1.1" 304 0
[04/Dec/2025 12:27:47] "GET /static/admin/img/search.svg HTTP/1.1" 200 458
[04/Dec/2025 12:27:47] "GET /static/admin/js/theme.js HTTP/1.1" 304 0
[04/Dec/2025 12:27:47] "GET /static/admin/js/nav_sidebar.js HTTP/1.1" 304 0
[04/Dec/2025 12:27:47] "GET /static/admin/js/filters.js HTTP/1.1" 200 978
[04/Dec/2025 12:27:47] "GET /admin/jsi18n/ HTTP/1.1" 200 3342
[04/Dec/2025 12:27:47] "GET /static/debug_toolbar/css/print.css HTTP/1.1" 304 0
[04/Dec/2025 12:27:47] "GET /static/admin/img/icon-viewlink.svg HTTP/1.1" 304 0
[04/Dec/2025 12:27:47] "GET /static/admin/img/tooltag-add.svg HTTP/1.1" 200 331
[04/Dec/2025 12:27:47] "GET /static/admin/img/sorting-icons.svg HTTP/1.1" 200 1097
[04/Dec/2025 12:27:47] "GET /static/debug_toolbar/js/utils.js HTTP/1.1" 304 0
Internal Server Error: /favicon.ico/
Traceback (most recent call last):
  File "C:\Users\AYUSH\Downloads\admin\Greeva\greeva\pages\views.py", line 18, in dynamic_pages_view
    return render(request, f'pages/{template_name}.html')
           ^^^^^^^^^^^^^^^^^^^^^^^^^^^^^^^^^^^^^^^^^^^^^^
  File "c:\Users\AYUSH\Downloads\admin\Greeva\.venv312\Lib\site-packages\django\shortcuts.py", line 25, in render
    content = loader.render_to_string(template_name, context, request, using=using)
              ^^^^^^^^^^^^^^^^^^^^^^^^^^^^^^^^^^^^^^^^^^^^^^^^^^^^^^^^^^^^^^^^^^^^^
  File "c:\Users\AYUSH\Downloads\admin\Greeva\.venv312\Lib\site-packages\django\template\loader.py", line 61, in render_to_string
    template = get_template(template_name, using=using)
               ^^^^^^^^^^^^^^^^^^^^^^^^^^^^^^^^^^^^^^^^
  File "c:\Users\AYUSH\Downloads\admin\Greeva\.venv312\Lib\site-packages\django\template\loader.py", line 19, in get_template
    raise TemplateDoesNotExist(template_name, chain=chain)
django.template.exceptions.TemplateDoesNotExist: pages/favicon.ico.html

During handling of the above exception, another exception occurred:

Traceback (most recent call last):
  File "c:\Users\AYUSH\Downloads\admin\Greeva\.venv312\Lib\site-packages\django\core\handlers\exception.py", line 55, in inner
    response = get_response(request)
               ^^^^^^^^^^^^^^^^^^^^^
  File "c:\Users\AYUSH\Downloads\admin\Greeva\.venv312\Lib\site-packages\django\core\handlers\base.py", line 197, in _get_response
    response = wrapped_callback(request, *callback_args, **callback_kwargs)
               ^^^^^^^^^^^^^^^^^^^^^^^^^^^^^^^^^^^^^^^^^^^^^^^^^^^^^^^^^^^^
  File "C:\Users\AYUSH\AppData\Local\Programs\Python\Python312\Lib\contextlib.py", line 81, in inner
    return func(*args, **kwds)
           ^^^^^^^^^^^^^^^^^^^
  File "C:\Users\AYUSH\Downloads\admin\Greeva\greeva\pages\views.py", line 20, in dynamic_pages_view
    return render(request, f'pages/pages-404.html')
           ^^^^^^^^^^^^^^^^^^^^^^^^^^^^^^^^^^^^^^^^
  File "c:\Users\AYUSH\Downloads\admin\Greeva\.venv312\Lib\site-packages\django\shortcuts.py", line 25, in render
    content = loader.render_to_string(template_name, context, request, using=using)
              ^^^^^^^^^^^^^^^^^^^^^^^^^^^^^^^^^^^^^^^^^^^^^^^^^^^^^^^^^^^^^^^^^^^^^
  File "c:\Users\AYUSH\Downloads\admin\Greeva\.venv312\Lib\site-packages\django\template\loader.py", line 61, in render_to_string
    template = get_template(template_name, using=using)
               ^^^^^^^^^^^^^^^^^^^^^^^^^^^^^^^^^^^^^^^^
  File "c:\Users\AYUSH\Downloads\admin\Greeva\.venv312\Lib\site-packages\django\template\loader.py", line 19, in get_template
    raise TemplateDoesNotExist(template_name, chain=chain)
django.template.exceptions.TemplateDoesNotExist: pages/pages-404.html
ERROR 2025-12-04 12:27:47,577 log 16944 21388 Internal Server Error: /favicon.ico/
Traceback (most recent call last):
  File "C:\Users\AYUSH\Downloads\admin\Greeva\greeva\pages\views.py", line 18, in dynamic_pages_view
    return render(request, f'pages/{template_name}.html')
           ^^^^^^^^^^^^^^^^^^^^^^^^^^^^^^^^^^^^^^^^^^^^^^
  File "c:\Users\AYUSH\Downloads\admin\Greeva\.venv312\Lib\site-packages\django\shortcuts.py", line 25, in render
    content = loader.render_to_string(template_name, context, request, using=using)
              ^^^^^^^^^^^^^^^^^^^^^^^^^^^^^^^^^^^^^^^^^^^^^^^^^^^^^^^^^^^^^^^^^^^^^
  File "c:\Users\AYUSH\Downloads\admin\Greeva\.venv312\Lib\site-packages\django\template\loader.py", line 61, in render_to_string
    template = get_template(template_name, using=using)
               ^^^^^^^^^^^^^^^^^^^^^^^^^^^^^^^^^^^^^^^^
  File "c:\Users\AYUSH\Downloads\admin\Greeva\.venv312\Lib\site-packages\django\template\loader.py", line 19, in get_template
    raise TemplateDoesNotExist(template_name, chain=chain)
django.template.exceptions.TemplateDoesNotExist: pages/favicon.ico.html

During handling of the above exception, another exception occurred:

Traceback (most recent call last):
  File "c:\Users\AYUSH\Downloads\admin\Greeva\.venv312\Lib\site-packages\django\core\handlers\exception.py", line 55, in inner
    response = get_response(request)
               ^^^^^^^^^^^^^^^^^^^^^
  File "c:\Users\AYUSH\Downloads\admin\Greeva\.venv312\Lib\site-packages\django\core\handlers\base.py", line 197, in _get_response
    response = wrapped_callback(request, *callback_args, **callback_kwargs)
               ^^^^^^^^^^^^^^^^^^^^^^^^^^^^^^^^^^^^^^^^^^^^^^^^^^^^^^^^^^^^
  File "C:\Users\AYUSH\AppData\Local\Programs\Python\Python312\Lib\contextlib.py", line 81, in inner
    return func(*args, **kwds)
           ^^^^^^^^^^^^^^^^^^^
  File "C:\Users\AYUSH\Downloads\admin\Greeva\greeva\pages\views.py", line 20, in dynamic_pages_view
    return render(request, f'pages/pages-404.html')
           ^^^^^^^^^^^^^^^^^^^^^^^^^^^^^^^^^^^^^^^^
  File "c:\Users\AYUSH\Downloads\admin\Greeva\.venv312\Lib\site-packages\django\shortcuts.py", line 25, in render
    content = loader.render_to_string(template_name, context, request, using=using)
              ^^^^^^^^^^^^^^^^^^^^^^^^^^^^^^^^^^^^^^^^^^^^^^^^^^^^^^^^^^^^^^^^^^^^^
  File "c:\Users\AYUSH\Downloads\admin\Greeva\.venv312\Lib\site-packages\django\template\loader.py", line 61, in render_to_string
    template = get_template(template_name, using=using)
               ^^^^^^^^^^^^^^^^^^^^^^^^^^^^^^^^^^^^^^^^
  File "c:\Users\AYUSH\Downloads\admin\Greeva\.venv312\Lib\site-packages\django\template\loader.py", line 19, in get_template
    raise TemplateDoesNotExist(template_name, chain=chain)
django.template.exceptions.TemplateDoesNotExist: pages/pages-404.html
[04/Dec/2025 12:27:47] "GET /favicon.ico/ HTTP/1.1" 500 127686
[04/Dec/2025 12:32:57] "GET /admin/auth/group/ HTTP/1.1" 200 26453
[04/Dec/2025 12:32:57] "GET /static/admin/css/base.css HTTP/1.1" 304 0
[04/Dec/2025 12:32:57] "GET /static/admin/css/dark_mode.css HTTP/1.1" 304 0
[04/Dec/2025 12:32:57] "GET /static/admin/css/nav_sidebar.css HTTP/1.1" 304 0
[04/Dec/2025 12:32:57] "GET /static/admin/css/changelists.css HTTP/1.1" 304 0
[04/Dec/2025 12:32:57] "GET /static/admin/js/jquery.init.js HTTP/1.1" 304 0
[04/Dec/2025 12:32:57] "GET /static/admin/js/core.js HTTP/1.1" 304 0
[04/Dec/2025 12:32:57] "GET /static/admin/js/vendor/jquery/jquery.js HTTP/1.1" 304 0
[04/Dec/2025 12:32:57] "GET /static/admin/css/responsive.css HTTP/1.1" 304 0
[04/Dec/2025 12:32:57] "GET /static/admin/js/admin/RelatedObjectLookups.js HTTP/1.1" 304 0
[04/Dec/2025 12:32:57] "GET /static/admin/js/actions.js HTTP/1.1" 304 0
[04/Dec/2025 12:32:57] "GET /static/admin/js/urlify.js HTTP/1.1" 304 0
[04/Dec/2025 12:32:57] "GET /static/admin/js/prepopulate.js HTTP/1.1" 304 0
[04/Dec/2025 12:32:57] "GET /static/admin/js/vendor/xregexp/xregexp.js HTTP/1.1" 304 0
[04/Dec/2025 12:32:57] "GET /static/admin/img/search.svg HTTP/1.1" 304 0
[04/Dec/2025 12:32:57] "GET /static/debug_toolbar/js/toolbar.js HTTP/1.1" 304 0
[04/Dec/2025 12:32:57] "GET /static/debug_toolbar/css/toolbar.css HTTP/1.1" 304 0
[04/Dec/2025 12:32:57] "GET /static/admin/js/theme.js HTTP/1.1" 304 0
[04/Dec/2025 12:32:57] "GET /static/admin/js/nav_sidebar.js HTTP/1.1" 304 0
[04/Dec/2025 12:32:57] "GET /static/admin/js/filters.js HTTP/1.1" 304 0
[04/Dec/2025 12:32:57] "GET /admin/jsi18n/ HTTP/1.1" 200 3342
[04/Dec/2025 12:32:57] "GET /static/debug_toolbar/css/print.css HTTP/1.1" 304 0
[04/Dec/2025 12:32:57] "GET /static/admin/img/icon-addlink.svg HTTP/1.1" 304 0
[04/Dec/2025 12:32:57] "GET /static/admin/img/tooltag-add.svg HTTP/1.1" 304 0
[04/Dec/2025 12:32:57] "GET /static/debug_toolbar/js/utils.js HTTP/1.1" 304 0
Internal Server Error: /favicon.ico/
Traceback (most recent call last):
  File "C:\Users\AYUSH\Downloads\admin\Greeva\greeva\pages\views.py", line 18, in dynamic_pages_view
    return render(request, f'pages/{template_name}.html')
           ^^^^^^^^^^^^^^^^^^^^^^^^^^^^^^^^^^^^^^^^^^^^^^
  File "c:\Users\AYUSH\Downloads\admin\Greeva\.venv312\Lib\site-packages\django\shortcuts.py", line 25, in render
    content = loader.render_to_string(template_name, context, request, using=using)
              ^^^^^^^^^^^^^^^^^^^^^^^^^^^^^^^^^^^^^^^^^^^^^^^^^^^^^^^^^^^^^^^^^^^^^
  File "c:\Users\AYUSH\Downloads\admin\Greeva\.venv312\Lib\site-packages\django\template\loader.py", line 61, in render_to_string
    template = get_template(template_name, using=using)
               ^^^^^^^^^^^^^^^^^^^^^^^^^^^^^^^^^^^^^^^^
  File "c:\Users\AYUSH\Downloads\admin\Greeva\.venv312\Lib\site-packages\django\template\loader.py", line 19, in get_template
    raise TemplateDoesNotExist(template_name, chain=chain)
django.template.exceptions.TemplateDoesNotExist: pages/favicon.ico.html

During handling of the above exception, another exception occurred:

Traceback (most recent call last):
  File "c:\Users\AYUSH\Downloads\admin\Greeva\.venv312\Lib\site-packages\django\core\handlers\exception.py", line 55, in inner
    response = get_response(request)
               ^^^^^^^^^^^^^^^^^^^^^
  File "c:\Users\AYUSH\Downloads\admin\Greeva\.venv312\Lib\site-packages\django\core\handlers\base.py", line 197, in _get_response
    response = wrapped_callback(request, *callback_args, **callback_kwargs)
               ^^^^^^^^^^^^^^^^^^^^^^^^^^^^^^^^^^^^^^^^^^^^^^^^^^^^^^^^^^^^
  File "C:\Users\AYUSH\AppData\Local\Programs\Python\Python312\Lib\contextlib.py", line 81, in inner
    return func(*args, **kwds)
           ^^^^^^^^^^^^^^^^^^^
  File "C:\Users\AYUSH\Downloads\admin\Greeva\greeva\pages\views.py", line 20, in dynamic_pages_view
    return render(request, f'pages/pages-404.html')
           ^^^^^^^^^^^^^^^^^^^^^^^^^^^^^^^^^^^^^^^^
  File "c:\Users\AYUSH\Downloads\admin\Greeva\.venv312\Lib\site-packages\django\shortcuts.py", line 25, in render
    content = loader.render_to_string(template_name, context, request, using=using)
              ^^^^^^^^^^^^^^^^^^^^^^^^^^^^^^^^^^^^^^^^^^^^^^^^^^^^^^^^^^^^^^^^^^^^^
  File "c:\Users\AYUSH\Downloads\admin\Greeva\.venv312\Lib\site-packages\django\template\loader.py", line 61, in render_to_string
    template = get_template(template_name, using=using)
               ^^^^^^^^^^^^^^^^^^^^^^^^^^^^^^^^^^^^^^^^
  File "c:\Users\AYUSH\Downloads\admin\Greeva\.venv312\Lib\site-packages\django\template\loader.py", line 19, in get_template
    raise TemplateDoesNotExist(template_name, chain=chain)
django.template.exceptions.TemplateDoesNotExist: pages/pages-404.html
ERROR 2025-12-04 12:32:57,774 log 16944 22440 Internal Server Error: /favicon.ico/
Traceback (most recent call last):
  File "C:\Users\AYUSH\Downloads\admin\Greeva\greeva\pages\views.py", line 18, in dynamic_pages_view
    return render(request, f'pages/{template_name}.html')
           ^^^^^^^^^^^^^^^^^^^^^^^^^^^^^^^^^^^^^^^^^^^^^^
  File "c:\Users\AYUSH\Downloads\admin\Greeva\.venv312\Lib\site-packages\django\shortcuts.py", line 25, in render
    content = loader.render_to_string(template_name, context, request, using=using)
              ^^^^^^^^^^^^^^^^^^^^^^^^^^^^^^^^^^^^^^^^^^^^^^^^^^^^^^^^^^^^^^^^^^^^^
  File "c:\Users\AYUSH\Downloads\admin\Greeva\.venv312\Lib\site-packages\django\template\loader.py", line 61, in render_to_string
    template = get_template(template_name, using=using)
               ^^^^^^^^^^^^^^^^^^^^^^^^^^^^^^^^^^^^^^^^
  File "c:\Users\AYUSH\Downloads\admin\Greeva\.venv312\Lib\site-packages\django\template\loader.py", line 19, in get_template
    raise TemplateDoesNotExist(template_name, chain=chain)
django.template.exceptions.TemplateDoesNotExist: pages/favicon.ico.html

During handling of the above exception, another exception occurred:

Traceback (most recent call last):
  File "c:\Users\AYUSH\Downloads\admin\Greeva\.venv312\Lib\site-packages\django\core\handlers\exception.py", line 55, in inner
    response = get_response(request)
               ^^^^^^^^^^^^^^^^^^^^^
  File "c:\Users\AYUSH\Downloads\admin\Greeva\.venv312\Lib\site-packages\django\core\handlers\base.py", line 197, in _get_response
    response = wrapped_callback(request, *callback_args, **callback_kwargs)
               ^^^^^^^^^^^^^^^^^^^^^^^^^^^^^^^^^^^^^^^^^^^^^^^^^^^^^^^^^^^^
  File "C:\Users\AYUSH\AppData\Local\Programs\Python\Python312\Lib\contextlib.py", line 81, in inner
    return func(*args, **kwds)
           ^^^^^^^^^^^^^^^^^^^
  File "C:\Users\AYUSH\Downloads\admin\Greeva\greeva\pages\views.py", line 20, in dynamic_pages_view
    return render(request, f'pages/pages-404.html')
           ^^^^^^^^^^^^^^^^^^^^^^^^^^^^^^^^^^^^^^^^
  File "c:\Users\AYUSH\Downloads\admin\Greeva\.venv312\Lib\site-packages\django\shortcuts.py", line 25, in render
    content = loader.render_to_string(template_name, context, request, using=using)
              ^^^^^^^^^^^^^^^^^^^^^^^^^^^^^^^^^^^^^^^^^^^^^^^^^^^^^^^^^^^^^^^^^^^^^
  File "c:\Users\AYUSH\Downloads\admin\Greeva\.venv312\Lib\site-packages\django\template\loader.py", line 61, in render_to_string
    template = get_template(template_name, using=using)
               ^^^^^^^^^^^^^^^^^^^^^^^^^^^^^^^^^^^^^^^^
  File "c:\Users\AYUSH\Downloads\admin\Greeva\.venv312\Lib\site-packages\django\template\loader.py", line 19, in get_template
    raise TemplateDoesNotExist(template_name, chain=chain)
django.template.exceptions.TemplateDoesNotExist: pages/pages-404.html
[04/Dec/2025 12:32:57] "GET /favicon.ico/ HTTP/1.1" 500 127666
[04/Dec/2025 12:32:58] "GET /admin/auth/ HTTP/1.1" 200 18333
[04/Dec/2025 12:32:58] "GET /static/admin/css/responsive.css HTTP/1.1" 304 0
[04/Dec/2025 12:32:58] "GET /static/admin/css/base.css HTTP/1.1" 304 0
[04/Dec/2025 12:32:58] "GET /static/admin/css/dark_mode.css HTTP/1.1" 304 0
[04/Dec/2025 12:32:58] "GET /static/admin/css/nav_sidebar.css HTTP/1.1" 304 0
[04/Dec/2025 12:32:58] "GET /static/admin/css/dashboard.css HTTP/1.1" 304 0
[04/Dec/2025 12:32:58] "GET /static/debug_toolbar/css/toolbar.css HTTP/1.1" 304 0
[04/Dec/2025 12:32:58] "GET /static/debug_toolbar/js/toolbar.js HTTP/1.1" 304 0
[04/Dec/2025 12:32:58] "GET /static/admin/js/nav_sidebar.js HTTP/1.1" 304 0
[04/Dec/2025 12:32:58] "GET /static/admin/js/theme.js HTTP/1.1" 304 0
[04/Dec/2025 12:32:58] "GET /static/debug_toolbar/css/print.css HTTP/1.1" 304 0
[04/Dec/2025 12:32:58] "GET /static/debug_toolbar/js/utils.js HTTP/1.1" 304 0
[04/Dec/2025 12:32:58] "GET /static/admin/img/icon-changelink.svg HTTP/1.1" 304 0
Internal Server Error: /favicon.ico/
Traceback (most recent call last):
  File "C:\Users\AYUSH\Downloads\admin\Greeva\greeva\pages\views.py", line 18, in dynamic_pages_view
    return render(request, f'pages/{template_name}.html')
           ^^^^^^^^^^^^^^^^^^^^^^^^^^^^^^^^^^^^^^^^^^^^^^
  File "c:\Users\AYUSH\Downloads\admin\Greeva\.venv312\Lib\site-packages\django\shortcuts.py", line 25, in render
    content = loader.render_to_string(template_name, context, request, using=using)
              ^^^^^^^^^^^^^^^^^^^^^^^^^^^^^^^^^^^^^^^^^^^^^^^^^^^^^^^^^^^^^^^^^^^^^
  File "c:\Users\AYUSH\Downloads\admin\Greeva\.venv312\Lib\site-packages\django\template\loader.py", line 61, in render_to_string
    template = get_template(template_name, using=using)
               ^^^^^^^^^^^^^^^^^^^^^^^^^^^^^^^^^^^^^^^^
  File "c:\Users\AYUSH\Downloads\admin\Greeva\.venv312\Lib\site-packages\django\template\loader.py", line 19, in get_template
    raise TemplateDoesNotExist(template_name, chain=chain)
django.template.exceptions.TemplateDoesNotExist: pages/favicon.ico.html

During handling of the above exception, another exception occurred:

Traceback (most recent call last):
  File "c:\Users\AYUSH\Downloads\admin\Greeva\.venv312\Lib\site-packages\django\core\handlers\exception.py", line 55, in inner
    response = get_response(request)
               ^^^^^^^^^^^^^^^^^^^^^
  File "c:\Users\AYUSH\Downloads\admin\Greeva\.venv312\Lib\site-packages\django\core\handlers\base.py", line 197, in _get_response
    response = wrapped_callback(request, *callback_args, **callback_kwargs)
               ^^^^^^^^^^^^^^^^^^^^^^^^^^^^^^^^^^^^^^^^^^^^^^^^^^^^^^^^^^^^
  File "C:\Users\AYUSH\AppData\Local\Programs\Python\Python312\Lib\contextlib.py", line 81, in inner
    return func(*args, **kwds)
           ^^^^^^^^^^^^^^^^^^^
  File "C:\Users\AYUSH\Downloads\admin\Greeva\greeva\pages\views.py", line 20, in dynamic_pages_view
    return render(request, f'pages/pages-404.html')
           ^^^^^^^^^^^^^^^^^^^^^^^^^^^^^^^^^^^^^^^^
  File "c:\Users\AYUSH\Downloads\admin\Greeva\.venv312\Lib\site-packages\django\shortcuts.py", line 25, in render
    content = loader.render_to_string(template_name, context, request, using=using)
              ^^^^^^^^^^^^^^^^^^^^^^^^^^^^^^^^^^^^^^^^^^^^^^^^^^^^^^^^^^^^^^^^^^^^^
  File "c:\Users\AYUSH\Downloads\admin\Greeva\.venv312\Lib\site-packages\django\template\loader.py", line 61, in render_to_string
    template = get_template(template_name, using=using)
               ^^^^^^^^^^^^^^^^^^^^^^^^^^^^^^^^^^^^^^^^
  File "c:\Users\AYUSH\Downloads\admin\Greeva\.venv312\Lib\site-packages\django\template\loader.py", line 19, in get_template
    raise TemplateDoesNotExist(template_name, chain=chain)
django.template.exceptions.TemplateDoesNotExist: pages/pages-404.html
ERROR 2025-12-04 12:32:59,040 log 16944 22880 Internal Server Error: /favicon.ico/
Traceback (most recent call last):
  File "C:\Users\AYUSH\Downloads\admin\Greeva\greeva\pages\views.py", line 18, in dynamic_pages_view
    return render(request, f'pages/{template_name}.html')
           ^^^^^^^^^^^^^^^^^^^^^^^^^^^^^^^^^^^^^^^^^^^^^^
  File "c:\Users\AYUSH\Downloads\admin\Greeva\.venv312\Lib\site-packages\django\shortcuts.py", line 25, in render
    content = loader.render_to_string(template_name, context, request, using=using)
              ^^^^^^^^^^^^^^^^^^^^^^^^^^^^^^^^^^^^^^^^^^^^^^^^^^^^^^^^^^^^^^^^^^^^^
  File "c:\Users\AYUSH\Downloads\admin\Greeva\.venv312\Lib\site-packages\django\template\loader.py", line 61, in render_to_string
    template = get_template(template_name, using=using)
               ^^^^^^^^^^^^^^^^^^^^^^^^^^^^^^^^^^^^^^^^
  File "c:\Users\AYUSH\Downloads\admin\Greeva\.venv312\Lib\site-packages\django\template\loader.py", line 19, in get_template
    raise TemplateDoesNotExist(template_name, chain=chain)
django.template.exceptions.TemplateDoesNotExist: pages/favicon.ico.html

During handling of the above exception, another exception occurred:

Traceback (most recent call last):
  File "c:\Users\AYUSH\Downloads\admin\Greeva\.venv312\Lib\site-packages\django\core\handlers\exception.py", line 55, in inner
    response = get_response(request)
               ^^^^^^^^^^^^^^^^^^^^^
  File "c:\Users\AYUSH\Downloads\admin\Greeva\.venv312\Lib\site-packages\django\core\handlers\base.py", line 197, in _get_response
    response = wrapped_callback(request, *callback_args, **callback_kwargs)
               ^^^^^^^^^^^^^^^^^^^^^^^^^^^^^^^^^^^^^^^^^^^^^^^^^^^^^^^^^^^^
  File "C:\Users\AYUSH\AppData\Local\Programs\Python\Python312\Lib\contextlib.py", line 81, in inner
    return func(*args, **kwds)
           ^^^^^^^^^^^^^^^^^^^
  File "C:\Users\AYUSH\Downloads\admin\Greeva\greeva\pages\views.py", line 20, in dynamic_pages_view
    return render(request, f'pages/pages-404.html')
           ^^^^^^^^^^^^^^^^^^^^^^^^^^^^^^^^^^^^^^^^
  File "c:\Users\AYUSH\Downloads\admin\Greeva\.venv312\Lib\site-packages\django\shortcuts.py", line 25, in render
    content = loader.render_to_string(template_name, context, request, using=using)
              ^^^^^^^^^^^^^^^^^^^^^^^^^^^^^^^^^^^^^^^^^^^^^^^^^^^^^^^^^^^^^^^^^^^^^
  File "c:\Users\AYUSH\Downloads\admin\Greeva\.venv312\Lib\site-packages\django\template\loader.py", line 61, in render_to_string
    template = get_template(template_name, using=using)
               ^^^^^^^^^^^^^^^^^^^^^^^^^^^^^^^^^^^^^^^^
  File "c:\Users\AYUSH\Downloads\admin\Greeva\.venv312\Lib\site-packages\django\template\loader.py", line 19, in get_template
    raise TemplateDoesNotExist(template_name, chain=chain)
django.template.exceptions.TemplateDoesNotExist: pages/pages-404.html
[04/Dec/2025 12:32:59] "GET /favicon.ico/ HTTP/1.1" 500 127660
[04/Dec/2025 12:33:01] "GET /admin/auth/ HTTP/1.1" 200 18333
[04/Dec/2025 12:33:01] "GET /static/admin/css/dashboard.css HTTP/1.1" 304 0
[04/Dec/2025 12:33:01] "GET /static/admin/css/dark_mode.css HTTP/1.1" 304 0
[04/Dec/2025 12:33:01] "GET /static/admin/css/nav_sidebar.css HTTP/1.1" 304 0
[04/Dec/2025 12:33:01] "GET /static/admin/css/base.css HTTP/1.1" 304 0
[04/Dec/2025 12:33:01] "GET /static/admin/css/responsive.css HTTP/1.1" 304 0
[04/Dec/2025 12:33:01] "GET /static/debug_toolbar/css/toolbar.css HTTP/1.1" 304 0
[04/Dec/2025 12:33:01] "GET /static/debug_toolbar/js/toolbar.js HTTP/1.1" 304 0
[04/Dec/2025 12:33:01] "GET /static/admin/js/theme.js HTTP/1.1" 304 0
[04/Dec/2025 12:33:01] "GET /static/admin/js/nav_sidebar.js HTTP/1.1" 304 0
[04/Dec/2025 12:33:01] "GET /static/debug_toolbar/css/print.css HTTP/1.1" 304 0
[04/Dec/2025 12:33:01] "GET /static/debug_toolbar/js/utils.js HTTP/1.1" 304 0
Internal Server Error: /favicon.ico/
Traceback (most recent call last):
  File "C:\Users\AYUSH\Downloads\admin\Greeva\greeva\pages\views.py", line 18, in dynamic_pages_view
    return render(request, f'pages/{template_name}.html')
           ^^^^^^^^^^^^^^^^^^^^^^^^^^^^^^^^^^^^^^^^^^^^^^
  File "c:\Users\AYUSH\Downloads\admin\Greeva\.venv312\Lib\site-packages\django\shortcuts.py", line 25, in render
    content = loader.render_to_string(template_name, context, request, using=using)
              ^^^^^^^^^^^^^^^^^^^^^^^^^^^^^^^^^^^^^^^^^^^^^^^^^^^^^^^^^^^^^^^^^^^^^
  File "c:\Users\AYUSH\Downloads\admin\Greeva\.venv312\Lib\site-packages\django\template\loader.py", line 61, in render_to_string
    template = get_template(template_name, using=using)
               ^^^^^^^^^^^^^^^^^^^^^^^^^^^^^^^^^^^^^^^^
  File "c:\Users\AYUSH\Downloads\admin\Greeva\.venv312\Lib\site-packages\django\template\loader.py", line 19, in get_template
    raise TemplateDoesNotExist(template_name, chain=chain)
django.template.exceptions.TemplateDoesNotExist: pages/favicon.ico.html

During handling of the above exception, another exception occurred:

Traceback (most recent call last):
  File "c:\Users\AYUSH\Downloads\admin\Greeva\.venv312\Lib\site-packages\django\core\handlers\exception.py", line 55, in inner
    response = get_response(request)
               ^^^^^^^^^^^^^^^^^^^^^
  File "c:\Users\AYUSH\Downloads\admin\Greeva\.venv312\Lib\site-packages\django\core\handlers\base.py", line 197, in _get_response
    response = wrapped_callback(request, *callback_args, **callback_kwargs)
               ^^^^^^^^^^^^^^^^^^^^^^^^^^^^^^^^^^^^^^^^^^^^^^^^^^^^^^^^^^^^
  File "C:\Users\AYUSH\AppData\Local\Programs\Python\Python312\Lib\contextlib.py", line 81, in inner
    return func(*args, **kwds)
           ^^^^^^^^^^^^^^^^^^^
  File "C:\Users\AYUSH\Downloads\admin\Greeva\greeva\pages\views.py", line 20, in dynamic_pages_view
    return render(request, f'pages/pages-404.html')
           ^^^^^^^^^^^^^^^^^^^^^^^^^^^^^^^^^^^^^^^^
  File "c:\Users\AYUSH\Downloads\admin\Greeva\.venv312\Lib\site-packages\django\shortcuts.py", line 25, in render
    content = loader.render_to_string(template_name, context, request, using=using)
              ^^^^^^^^^^^^^^^^^^^^^^^^^^^^^^^^^^^^^^^^^^^^^^^^^^^^^^^^^^^^^^^^^^^^^
  File "c:\Users\AYUSH\Downloads\admin\Greeva\.venv312\Lib\site-packages\django\template\loader.py", line 61, in render_to_string
    template = get_template(template_name, using=using)
               ^^^^^^^^^^^^^^^^^^^^^^^^^^^^^^^^^^^^^^^^
  File "c:\Users\AYUSH\Downloads\admin\Greeva\.venv312\Lib\site-packages\django\template\loader.py", line 19, in get_template
    raise TemplateDoesNotExist(template_name, chain=chain)
django.template.exceptions.TemplateDoesNotExist: pages/pages-404.html
ERROR 2025-12-04 12:33:01,548 log 16944 13456 Internal Server Error: /favicon.ico/
Traceback (most recent call last):
  File "C:\Users\AYUSH\Downloads\admin\Greeva\greeva\pages\views.py", line 18, in dynamic_pages_view
    return render(request, f'pages/{template_name}.html')
           ^^^^^^^^^^^^^^^^^^^^^^^^^^^^^^^^^^^^^^^^^^^^^^
  File "c:\Users\AYUSH\Downloads\admin\Greeva\.venv312\Lib\site-packages\django\shortcuts.py", line 25, in render
    content = loader.render_to_string(template_name, context, request, using=using)
              ^^^^^^^^^^^^^^^^^^^^^^^^^^^^^^^^^^^^^^^^^^^^^^^^^^^^^^^^^^^^^^^^^^^^^
  File "c:\Users\AYUSH\Downloads\admin\Greeva\.venv312\Lib\site-packages\django\template\loader.py", line 61, in render_to_string
    template = get_template(template_name, using=using)
               ^^^^^^^^^^^^^^^^^^^^^^^^^^^^^^^^^^^^^^^^
  File "c:\Users\AYUSH\Downloads\admin\Greeva\.venv312\Lib\site-packages\django\template\loader.py", line 19, in get_template
    raise TemplateDoesNotExist(template_name, chain=chain)
django.template.exceptions.TemplateDoesNotExist: pages/favicon.ico.html

During handling of the above exception, another exception occurred:

Traceback (most recent call last):
  File "c:\Users\AYUSH\Downloads\admin\Greeva\.venv312\Lib\site-packages\django\core\handlers\exception.py", line 55, in inner
    response = get_response(request)
               ^^^^^^^^^^^^^^^^^^^^^
  File "c:\Users\AYUSH\Downloads\admin\Greeva\.venv312\Lib\site-packages\django\core\handlers\base.py", line 197, in _get_response
    response = wrapped_callback(request, *callback_args, **callback_kwargs)
               ^^^^^^^^^^^^^^^^^^^^^^^^^^^^^^^^^^^^^^^^^^^^^^^^^^^^^^^^^^^^
  File "C:\Users\AYUSH\AppData\Local\Programs\Python\Python312\Lib\contextlib.py", line 81, in inner
    return func(*args, **kwds)
           ^^^^^^^^^^^^^^^^^^^
  File "C:\Users\AYUSH\Downloads\admin\Greeva\greeva\pages\views.py", line 20, in dynamic_pages_view
    return render(request, f'pages/pages-404.html')
           ^^^^^^^^^^^^^^^^^^^^^^^^^^^^^^^^^^^^^^^^
  File "c:\Users\AYUSH\Downloads\admin\Greeva\.venv312\Lib\site-packages\django\shortcuts.py", line 25, in render
    content = loader.render_to_string(template_name, context, request, using=using)
              ^^^^^^^^^^^^^^^^^^^^^^^^^^^^^^^^^^^^^^^^^^^^^^^^^^^^^^^^^^^^^^^^^^^^^
  File "c:\Users\AYUSH\Downloads\admin\Greeva\.venv312\Lib\site-packages\django\template\loader.py", line 61, in render_to_string
    template = get_template(template_name, using=using)
               ^^^^^^^^^^^^^^^^^^^^^^^^^^^^^^^^^^^^^^^^
  File "c:\Users\AYUSH\Downloads\admin\Greeva\.venv312\Lib\site-packages\django\template\loader.py", line 19, in get_template
    raise TemplateDoesNotExist(template_name, chain=chain)
django.template.exceptions.TemplateDoesNotExist: pages/pages-404.html
[04/Dec/2025 12:33:01] "GET /favicon.ico/ HTTP/1.1" 500 127660
[04/Dec/2025 12:33:03] "GET /admin/ HTTP/1.1" 200 26799
[04/Dec/2025 12:33:03] "GET /static/admin/css/base.css HTTP/1.1" 304 0
[04/Dec/2025 12:33:03] "GET /static/admin/css/dark_mode.css HTTP/1.1" 304 0
[04/Dec/2025 12:33:03] "GET /static/admin/css/dashboard.css HTTP/1.1" 304 0
[04/Dec/2025 12:33:03] "GET /static/admin/css/nav_sidebar.css HTTP/1.1" 304 0
[04/Dec/2025 12:33:03] "GET /static/admin/css/responsive.css HTTP/1.1" 304 0
[04/Dec/2025 12:33:03] "GET /static/debug_toolbar/css/toolbar.css HTTP/1.1" 304 0
[04/Dec/2025 12:33:03] "GET /static/debug_toolbar/js/toolbar.js HTTP/1.1" 304 0
[04/Dec/2025 12:33:03] "GET /static/admin/js/nav_sidebar.js HTTP/1.1" 304 0
[04/Dec/2025 12:33:03] "GET /static/admin/js/theme.js HTTP/1.1" 304 0
[04/Dec/2025 12:33:03] "GET /static/debug_toolbar/css/print.css HTTP/1.1" 304 0
[04/Dec/2025 12:33:03] "GET /static/debug_toolbar/js/utils.js HTTP/1.1" 304 0
Internal Server Error: /favicon.ico/
Traceback (most recent call last):
  File "C:\Users\AYUSH\Downloads\admin\Greeva\greeva\pages\views.py", line 18, in dynamic_pages_view
    return render(request, f'pages/{template_name}.html')
           ^^^^^^^^^^^^^^^^^^^^^^^^^^^^^^^^^^^^^^^^^^^^^^
  File "c:\Users\AYUSH\Downloads\admin\Greeva\.venv312\Lib\site-packages\django\shortcuts.py", line 25, in render
    content = loader.render_to_string(template_name, context, request, using=using)
              ^^^^^^^^^^^^^^^^^^^^^^^^^^^^^^^^^^^^^^^^^^^^^^^^^^^^^^^^^^^^^^^^^^^^^
  File "c:\Users\AYUSH\Downloads\admin\Greeva\.venv312\Lib\site-packages\django\template\loader.py", line 61, in render_to_string
    template = get_template(template_name, using=using)
               ^^^^^^^^^^^^^^^^^^^^^^^^^^^^^^^^^^^^^^^^
  File "c:\Users\AYUSH\Downloads\admin\Greeva\.venv312\Lib\site-packages\django\template\loader.py", line 19, in get_template
    raise TemplateDoesNotExist(template_name, chain=chain)
django.template.exceptions.TemplateDoesNotExist: pages/favicon.ico.html

During handling of the above exception, another exception occurred:

Traceback (most recent call last):
  File "c:\Users\AYUSH\Downloads\admin\Greeva\.venv312\Lib\site-packages\django\core\handlers\exception.py", line 55, in inner
    response = get_response(request)
               ^^^^^^^^^^^^^^^^^^^^^
  File "c:\Users\AYUSH\Downloads\admin\Greeva\.venv312\Lib\site-packages\django\core\handlers\base.py", line 197, in _get_response
    response = wrapped_callback(request, *callback_args, **callback_kwargs)
               ^^^^^^^^^^^^^^^^^^^^^^^^^^^^^^^^^^^^^^^^^^^^^^^^^^^^^^^^^^^^
  File "C:\Users\AYUSH\AppData\Local\Programs\Python\Python312\Lib\contextlib.py", line 81, in inner
    return func(*args, **kwds)
           ^^^^^^^^^^^^^^^^^^^
  File "C:\Users\AYUSH\Downloads\admin\Greeva\greeva\pages\views.py", line 20, in dynamic_pages_view
    return render(request, f'pages/pages-404.html')
           ^^^^^^^^^^^^^^^^^^^^^^^^^^^^^^^^^^^^^^^^
  File "c:\Users\AYUSH\Downloads\admin\Greeva\.venv312\Lib\site-packages\django\shortcuts.py", line 25, in render
    content = loader.render_to_string(template_name, context, request, using=using)
              ^^^^^^^^^^^^^^^^^^^^^^^^^^^^^^^^^^^^^^^^^^^^^^^^^^^^^^^^^^^^^^^^^^^^^
  File "c:\Users\AYUSH\Downloads\admin\Greeva\.venv312\Lib\site-packages\django\template\loader.py", line 61, in render_to_string
    template = get_template(template_name, using=using)
               ^^^^^^^^^^^^^^^^^^^^^^^^^^^^^^^^^^^^^^^^
  File "c:\Users\AYUSH\Downloads\admin\Greeva\.venv312\Lib\site-packages\django\template\loader.py", line 19, in get_template
    raise TemplateDoesNotExist(template_name, chain=chain)
django.template.exceptions.TemplateDoesNotExist: pages/pages-404.html
ERROR 2025-12-04 12:33:03,202 log 16944 6976 Internal Server Error: /favicon.ico/
Traceback (most recent call last):
  File "C:\Users\AYUSH\Downloads\admin\Greeva\greeva\pages\views.py", line 18, in dynamic_pages_view
    return render(request, f'pages/{template_name}.html')
           ^^^^^^^^^^^^^^^^^^^^^^^^^^^^^^^^^^^^^^^^^^^^^^
  File "c:\Users\AYUSH\Downloads\admin\Greeva\.venv312\Lib\site-packages\django\shortcuts.py", line 25, in render
    content = loader.render_to_string(template_name, context, request, using=using)
              ^^^^^^^^^^^^^^^^^^^^^^^^^^^^^^^^^^^^^^^^^^^^^^^^^^^^^^^^^^^^^^^^^^^^^
  File "c:\Users\AYUSH\Downloads\admin\Greeva\.venv312\Lib\site-packages\django\template\loader.py", line 61, in render_to_string
    template = get_template(template_name, using=using)
               ^^^^^^^^^^^^^^^^^^^^^^^^^^^^^^^^^^^^^^^^
  File "c:\Users\AYUSH\Downloads\admin\Greeva\.venv312\Lib\site-packages\django\template\loader.py", line 19, in get_template
    raise TemplateDoesNotExist(template_name, chain=chain)
django.template.exceptions.TemplateDoesNotExist: pages/favicon.ico.html

During handling of the above exception, another exception occurred:

Traceback (most recent call last):
  File "c:\Users\AYUSH\Downloads\admin\Greeva\.venv312\Lib\site-packages\django\core\handlers\exception.py", line 55, in inner
    response = get_response(request)
               ^^^^^^^^^^^^^^^^^^^^^
  File "c:\Users\AYUSH\Downloads\admin\Greeva\.venv312\Lib\site-packages\django\core\handlers\base.py", line 197, in _get_response
    response = wrapped_callback(request, *callback_args, **callback_kwargs)
               ^^^^^^^^^^^^^^^^^^^^^^^^^^^^^^^^^^^^^^^^^^^^^^^^^^^^^^^^^^^^
  File "C:\Users\AYUSH\AppData\Local\Programs\Python\Python312\Lib\contextlib.py", line 81, in inner
    return func(*args, **kwds)
           ^^^^^^^^^^^^^^^^^^^
  File "C:\Users\AYUSH\Downloads\admin\Greeva\greeva\pages\views.py", line 20, in dynamic_pages_view
    return render(request, f'pages/pages-404.html')
           ^^^^^^^^^^^^^^^^^^^^^^^^^^^^^^^^^^^^^^^^
  File "c:\Users\AYUSH\Downloads\admin\Greeva\.venv312\Lib\site-packages\django\shortcuts.py", line 25, in render
    content = loader.render_to_string(template_name, context, request, using=using)
              ^^^^^^^^^^^^^^^^^^^^^^^^^^^^^^^^^^^^^^^^^^^^^^^^^^^^^^^^^^^^^^^^^^^^^
  File "c:\Users\AYUSH\Downloads\admin\Greeva\.venv312\Lib\site-packages\django\template\loader.py", line 61, in render_to_string
    template = get_template(template_name, using=using)
               ^^^^^^^^^^^^^^^^^^^^^^^^^^^^^^^^^^^^^^^^
  File "c:\Users\AYUSH\Downloads\admin\Greeva\.venv312\Lib\site-packages\django\template\loader.py", line 19, in get_template
    raise TemplateDoesNotExist(template_name, chain=chain)
django.template.exceptions.TemplateDoesNotExist: pages/pages-404.html
[04/Dec/2025 12:33:03] "GET /favicon.ico/ HTTP/1.1" 500 127655
[04/Dec/2025 12:33:13] "GET /admin/hydroponics/plantprofile/ HTTP/1.1" 200 30378
[04/Dec/2025 12:33:13] "GET /static/admin/css/dark_mode.css HTTP/1.1" 304 0
[04/Dec/2025 12:33:13] "GET /static/admin/css/nav_sidebar.css HTTP/1.1" 304 0
[04/Dec/2025 12:33:13] "GET /static/admin/js/vendor/jquery/jquery.js HTTP/1.1" 304 0
[04/Dec/2025 12:33:13] "GET /static/admin/css/base.css HTTP/1.1" 304 0
[04/Dec/2025 12:33:13] "GET /static/admin/css/changelists.css HTTP/1.1" 304 0
[04/Dec/2025 12:33:13] "GET /static/admin/css/responsive.css HTTP/1.1" 304 0
[04/Dec/2025 12:33:13] "GET /static/admin/js/jquery.init.js HTTP/1.1" 304 0
[04/Dec/2025 12:33:13] "GET /static/admin/js/actions.js HTTP/1.1" 304 0
[04/Dec/2025 12:33:13] "GET /static/admin/js/admin/RelatedObjectLookups.js HTTP/1.1" 304 0
[04/Dec/2025 12:33:13] "GET /static/admin/js/core.js HTTP/1.1" 304 0
[04/Dec/2025 12:33:13] "GET /static/admin/js/urlify.js HTTP/1.1" 304 0
[04/Dec/2025 12:33:13] "GET /static/admin/js/prepopulate.js HTTP/1.1" 304 0
[04/Dec/2025 12:33:13] "GET /static/admin/js/vendor/xregexp/xregexp.js HTTP/1.1" 304 0
[04/Dec/2025 12:33:13] "GET /static/admin/img/search.svg HTTP/1.1" 304 0
[04/Dec/2025 12:33:13] "GET /static/debug_toolbar/js/toolbar.js HTTP/1.1" 304 0
[04/Dec/2025 12:33:13] "GET /static/debug_toolbar/css/toolbar.css HTTP/1.1" 304 0
[04/Dec/2025 12:33:13] "GET /static/admin/js/theme.js HTTP/1.1" 304 0
[04/Dec/2025 12:33:13] "GET /static/admin/js/nav_sidebar.js HTTP/1.1" 304 0
[04/Dec/2025 12:33:13] "GET /static/admin/js/filters.js HTTP/1.1" 304 0
[04/Dec/2025 12:33:13] "GET /admin/jsi18n/ HTTP/1.1" 200 3342
[04/Dec/2025 12:33:13] "GET /static/debug_toolbar/css/print.css HTTP/1.1" 304 0
[04/Dec/2025 12:33:13] "GET /static/admin/img/sorting-icons.svg HTTP/1.1" 304 0
[04/Dec/2025 12:33:13] "GET /static/debug_toolbar/js/utils.js HTTP/1.1" 304 0
Internal Server Error: /favicon.ico/
Traceback (most recent call last):
  File "C:\Users\AYUSH\Downloads\admin\Greeva\greeva\pages\views.py", line 18, in dynamic_pages_view
    return render(request, f'pages/{template_name}.html')
           ^^^^^^^^^^^^^^^^^^^^^^^^^^^^^^^^^^^^^^^^^^^^^^
  File "c:\Users\AYUSH\Downloads\admin\Greeva\.venv312\Lib\site-packages\django\shortcuts.py", line 25, in render
    content = loader.render_to_string(template_name, context, request, using=using)
              ^^^^^^^^^^^^^^^^^^^^^^^^^^^^^^^^^^^^^^^^^^^^^^^^^^^^^^^^^^^^^^^^^^^^^
  File "c:\Users\AYUSH\Downloads\admin\Greeva\.venv312\Lib\site-packages\django\template\loader.py", line 61, in render_to_string
    template = get_template(template_name, using=using)
               ^^^^^^^^^^^^^^^^^^^^^^^^^^^^^^^^^^^^^^^^
  File "c:\Users\AYUSH\Downloads\admin\Greeva\.venv312\Lib\site-packages\django\template\loader.py", line 19, in get_template
    raise TemplateDoesNotExist(template_name, chain=chain)
django.template.exceptions.TemplateDoesNotExist: pages/favicon.ico.html

During handling of the above exception, another exception occurred:

Traceback (most recent call last):
  File "c:\Users\AYUSH\Downloads\admin\Greeva\.venv312\Lib\site-packages\django\core\handlers\exception.py", line 55, in inner
    response = get_response(request)
               ^^^^^^^^^^^^^^^^^^^^^
  File "c:\Users\AYUSH\Downloads\admin\Greeva\.venv312\Lib\site-packages\django\core\handlers\base.py", line 197, in _get_response
    response = wrapped_callback(request, *callback_args, **callback_kwargs)
               ^^^^^^^^^^^^^^^^^^^^^^^^^^^^^^^^^^^^^^^^^^^^^^^^^^^^^^^^^^^^
  File "C:\Users\AYUSH\AppData\Local\Programs\Python\Python312\Lib\contextlib.py", line 81, in inner
    return func(*args, **kwds)
           ^^^^^^^^^^^^^^^^^^^
  File "C:\Users\AYUSH\Downloads\admin\Greeva\greeva\pages\views.py", line 20, in dynamic_pages_view
    return render(request, f'pages/pages-404.html')
           ^^^^^^^^^^^^^^^^^^^^^^^^^^^^^^^^^^^^^^^^
  File "c:\Users\AYUSH\Downloads\admin\Greeva\.venv312\Lib\site-packages\django\shortcuts.py", line 25, in render
    content = loader.render_to_string(template_name, context, request, using=using)
              ^^^^^^^^^^^^^^^^^^^^^^^^^^^^^^^^^^^^^^^^^^^^^^^^^^^^^^^^^^^^^^^^^^^^^
  File "c:\Users\AYUSH\Downloads\admin\Greeva\.venv312\Lib\site-packages\django\template\loader.py", line 61, in render_to_string
    template = get_template(template_name, using=using)
               ^^^^^^^^^^^^^^^^^^^^^^^^^^^^^^^^^^^^^^^^
  File "c:\Users\AYUSH\Downloads\admin\Greeva\.venv312\Lib\site-packages\django\template\loader.py", line 19, in get_template
    raise TemplateDoesNotExist(template_name, chain=chain)
django.template.exceptions.TemplateDoesNotExist: pages/pages-404.html
ERROR 2025-12-04 12:33:13,430 log 16944 25556 Internal Server Error: /favicon.ico/
Traceback (most recent call last):
  File "C:\Users\AYUSH\Downloads\admin\Greeva\greeva\pages\views.py", line 18, in dynamic_pages_view
    return render(request, f'pages/{template_name}.html')
           ^^^^^^^^^^^^^^^^^^^^^^^^^^^^^^^^^^^^^^^^^^^^^^
  File "c:\Users\AYUSH\Downloads\admin\Greeva\.venv312\Lib\site-packages\django\shortcuts.py", line 25, in render
    content = loader.render_to_string(template_name, context, request, using=using)
              ^^^^^^^^^^^^^^^^^^^^^^^^^^^^^^^^^^^^^^^^^^^^^^^^^^^^^^^^^^^^^^^^^^^^^
  File "c:\Users\AYUSH\Downloads\admin\Greeva\.venv312\Lib\site-packages\django\template\loader.py", line 61, in render_to_string
    template = get_template(template_name, using=using)
               ^^^^^^^^^^^^^^^^^^^^^^^^^^^^^^^^^^^^^^^^
  File "c:\Users\AYUSH\Downloads\admin\Greeva\.venv312\Lib\site-packages\django\template\loader.py", line 19, in get_template
    raise TemplateDoesNotExist(template_name, chain=chain)
django.template.exceptions.TemplateDoesNotExist: pages/favicon.ico.html

During handling of the above exception, another exception occurred:

Traceback (most recent call last):
  File "c:\Users\AYUSH\Downloads\admin\Greeva\.venv312\Lib\site-packages\django\core\handlers\exception.py", line 55, in inner
    response = get_response(request)
               ^^^^^^^^^^^^^^^^^^^^^
  File "c:\Users\AYUSH\Downloads\admin\Greeva\.venv312\Lib\site-packages\django\core\handlers\base.py", line 197, in _get_response
    response = wrapped_callback(request, *callback_args, **callback_kwargs)
               ^^^^^^^^^^^^^^^^^^^^^^^^^^^^^^^^^^^^^^^^^^^^^^^^^^^^^^^^^^^^
  File "C:\Users\AYUSH\AppData\Local\Programs\Python\Python312\Lib\contextlib.py", line 81, in inner
    return func(*args, **kwds)
           ^^^^^^^^^^^^^^^^^^^
  File "C:\Users\AYUSH\Downloads\admin\Greeva\greeva\pages\views.py", line 20, in dynamic_pages_view
    return render(request, f'pages/pages-404.html')
           ^^^^^^^^^^^^^^^^^^^^^^^^^^^^^^^^^^^^^^^^
  File "c:\Users\AYUSH\Downloads\admin\Greeva\.venv312\Lib\site-packages\django\shortcuts.py", line 25, in render
    content = loader.render_to_string(template_name, context, request, using=using)
              ^^^^^^^^^^^^^^^^^^^^^^^^^^^^^^^^^^^^^^^^^^^^^^^^^^^^^^^^^^^^^^^^^^^^^
  File "c:\Users\AYUSH\Downloads\admin\Greeva\.venv312\Lib\site-packages\django\template\loader.py", line 61, in render_to_string
    template = get_template(template_name, using=using)
               ^^^^^^^^^^^^^^^^^^^^^^^^^^^^^^^^^^^^^^^^
  File "c:\Users\AYUSH\Downloads\admin\Greeva\.venv312\Lib\site-packages\django\template\loader.py", line 19, in get_template
    raise TemplateDoesNotExist(template_name, chain=chain)
django.template.exceptions.TemplateDoesNotExist: pages/pages-404.html
[04/Dec/2025 12:33:13] "GET /favicon.ico/ HTTP/1.1" 500 127680
[04/Dec/2025 12:33:33] "GET /admin/hydroponics/plantprofile/1/change/ HTTP/1.1" 200 38157
[04/Dec/2025 12:33:33] "GET /static/admin/css/base.css HTTP/1.1" 304 0
[04/Dec/2025 12:33:33] "GET /static/admin/css/dark_mode.css HTTP/1.1" 304 0
[04/Dec/2025 12:33:33] "GET /static/admin/css/forms.css HTTP/1.1" 304 0
[04/Dec/2025 12:33:33] "GET /static/admin/js/vendor/jquery/jquery.js HTTP/1.1" 304 0
[04/Dec/2025 12:33:33] "GET /static/admin/css/nav_sidebar.css HTTP/1.1" 304 0
[04/Dec/2025 12:33:33] "GET /static/admin/css/responsive.css HTTP/1.1" 304 0
[04/Dec/2025 12:33:33] "GET /static/admin/js/core.js HTTP/1.1" 304 0
[04/Dec/2025 12:33:33] "GET /static/debug_toolbar/css/toolbar.css HTTP/1.1" 304 0
[04/Dec/2025 12:33:33] "GET /static/admin/js/jquery.init.js HTTP/1.1" 304 0
[04/Dec/2025 12:33:33] "GET /static/admin/css/widgets.css HTTP/1.1" 304 0
[04/Dec/2025 12:33:33] "GET /static/admin/js/urlify.js HTTP/1.1" 304 0
[04/Dec/2025 12:33:33] "GET /static/admin/js/admin/RelatedObjectLookups.js HTTP/1.1" 304 0
[04/Dec/2025 12:33:33] "GET /static/admin/js/actions.js HTTP/1.1" 304 0
[04/Dec/2025 12:33:33] "GET /static/admin/js/vendor/xregexp/xregexp.js HTTP/1.1" 304 0
[04/Dec/2025 12:33:33] "GET /static/admin/js/prepopulate.js HTTP/1.1" 304 0
[04/Dec/2025 12:33:33] "GET /static/admin/js/prepopulate_init.js HTTP/1.1" 304 0
[04/Dec/2025 12:33:33] "GET /static/debug_toolbar/js/toolbar.js HTTP/1.1" 304 0
[04/Dec/2025 12:33:33] "GET /static/admin/js/theme.js HTTP/1.1" 304 0
[04/Dec/2025 12:33:33] "GET /static/admin/js/nav_sidebar.js HTTP/1.1" 304 0
[04/Dec/2025 12:33:33] "GET /static/admin/js/change_form.js HTTP/1.1" 304 0
[04/Dec/2025 12:33:33] "GET /admin/jsi18n/ HTTP/1.1" 200 3342
[04/Dec/2025 12:33:33] "GET /static/debug_toolbar/css/print.css HTTP/1.1" 304 0
[04/Dec/2025 12:33:33] "GET /static/debug_toolbar/js/utils.js HTTP/1.1" 304 0
Internal Server Error: /favicon.ico/
Traceback (most recent call last):
  File "C:\Users\AYUSH\Downloads\admin\Greeva\greeva\pages\views.py", line 18, in dynamic_pages_view
    return render(request, f'pages/{template_name}.html')
           ^^^^^^^^^^^^^^^^^^^^^^^^^^^^^^^^^^^^^^^^^^^^^^
  File "c:\Users\AYUSH\Downloads\admin\Greeva\.venv312\Lib\site-packages\django\shortcuts.py", line 25, in render
    content = loader.render_to_string(template_name, context, request, using=using)
              ^^^^^^^^^^^^^^^^^^^^^^^^^^^^^^^^^^^^^^^^^^^^^^^^^^^^^^^^^^^^^^^^^^^^^
  File "c:\Users\AYUSH\Downloads\admin\Greeva\.venv312\Lib\site-packages\django\template\loader.py", line 61, in render_to_string
    template = get_template(template_name, using=using)
               ^^^^^^^^^^^^^^^^^^^^^^^^^^^^^^^^^^^^^^^^
  File "c:\Users\AYUSH\Downloads\admin\Greeva\.venv312\Lib\site-packages\django\template\loader.py", line 19, in get_template
    raise TemplateDoesNotExist(template_name, chain=chain)
django.template.exceptions.TemplateDoesNotExist: pages/favicon.ico.html

During handling of the above exception, another exception occurred:

Traceback (most recent call last):
  File "c:\Users\AYUSH\Downloads\admin\Greeva\.venv312\Lib\site-packages\django\core\handlers\exception.py", line 55, in inner
    response = get_response(request)
               ^^^^^^^^^^^^^^^^^^^^^
  File "c:\Users\AYUSH\Downloads\admin\Greeva\.venv312\Lib\site-packages\django\core\handlers\base.py", line 197, in _get_response
    response = wrapped_callback(request, *callback_args, **callback_kwargs)
               ^^^^^^^^^^^^^^^^^^^^^^^^^^^^^^^^^^^^^^^^^^^^^^^^^^^^^^^^^^^^
  File "C:\Users\AYUSH\AppData\Local\Programs\Python\Python312\Lib\contextlib.py", line 81, in inner
    return func(*args, **kwds)
           ^^^^^^^^^^^^^^^^^^^
  File "C:\Users\AYUSH\Downloads\admin\Greeva\greeva\pages\views.py", line 20, in dynamic_pages_view
    return render(request, f'pages/pages-404.html')
           ^^^^^^^^^^^^^^^^^^^^^^^^^^^^^^^^^^^^^^^^
  File "c:\Users\AYUSH\Downloads\admin\Greeva\.venv312\Lib\site-packages\django\shortcuts.py", line 25, in render
    content = loader.render_to_string(template_name, context, request, using=using)
              ^^^^^^^^^^^^^^^^^^^^^^^^^^^^^^^^^^^^^^^^^^^^^^^^^^^^^^^^^^^^^^^^^^^^^
  File "c:\Users\AYUSH\Downloads\admin\Greeva\.venv312\Lib\site-packages\django\template\loader.py", line 61, in render_to_string
    template = get_template(template_name, using=using)
               ^^^^^^^^^^^^^^^^^^^^^^^^^^^^^^^^^^^^^^^^
  File "c:\Users\AYUSH\Downloads\admin\Greeva\.venv312\Lib\site-packages\django\template\loader.py", line 19, in get_template
    raise TemplateDoesNotExist(template_name, chain=chain)
django.template.exceptions.TemplateDoesNotExist: pages/pages-404.html
ERROR 2025-12-04 12:33:33,946 log 16944 6976 Internal Server Error: /favicon.ico/
Traceback (most recent call last):
  File "C:\Users\AYUSH\Downloads\admin\Greeva\greeva\pages\views.py", line 18, in dynamic_pages_view
    return render(request, f'pages/{template_name}.html')
           ^^^^^^^^^^^^^^^^^^^^^^^^^^^^^^^^^^^^^^^^^^^^^^
  File "c:\Users\AYUSH\Downloads\admin\Greeva\.venv312\Lib\site-packages\django\shortcuts.py", line 25, in render
    content = loader.render_to_string(template_name, context, request, using=using)
              ^^^^^^^^^^^^^^^^^^^^^^^^^^^^^^^^^^^^^^^^^^^^^^^^^^^^^^^^^^^^^^^^^^^^^
  File "c:\Users\AYUSH\Downloads\admin\Greeva\.venv312\Lib\site-packages\django\template\loader.py", line 61, in render_to_string
    template = get_template(template_name, using=using)
               ^^^^^^^^^^^^^^^^^^^^^^^^^^^^^^^^^^^^^^^^
  File "c:\Users\AYUSH\Downloads\admin\Greeva\.venv312\Lib\site-packages\django\template\loader.py", line 19, in get_template
    raise TemplateDoesNotExist(template_name, chain=chain)
django.template.exceptions.TemplateDoesNotExist: pages/favicon.ico.html

During handling of the above exception, another exception occurred:

Traceback (most recent call last):
  File "c:\Users\AYUSH\Downloads\admin\Greeva\.venv312\Lib\site-packages\django\core\handlers\exception.py", line 55, in inner
    response = get_response(request)
               ^^^^^^^^^^^^^^^^^^^^^
  File "c:\Users\AYUSH\Downloads\admin\Greeva\.venv312\Lib\site-packages\django\core\handlers\base.py", line 197, in _get_response
    response = wrapped_callback(request, *callback_args, **callback_kwargs)
               ^^^^^^^^^^^^^^^^^^^^^^^^^^^^^^^^^^^^^^^^^^^^^^^^^^^^^^^^^^^^
  File "C:\Users\AYUSH\AppData\Local\Programs\Python\Python312\Lib\contextlib.py", line 81, in inner
    return func(*args, **kwds)
           ^^^^^^^^^^^^^^^^^^^
  File "C:\Users\AYUSH\Downloads\admin\Greeva\greeva\pages\views.py", line 20, in dynamic_pages_view
    return render(request, f'pages/pages-404.html')
           ^^^^^^^^^^^^^^^^^^^^^^^^^^^^^^^^^^^^^^^^
  File "c:\Users\AYUSH\Downloads\admin\Greeva\.venv312\Lib\site-packages\django\shortcuts.py", line 25, in render
    content = loader.render_to_string(template_name, context, request, using=using)
              ^^^^^^^^^^^^^^^^^^^^^^^^^^^^^^^^^^^^^^^^^^^^^^^^^^^^^^^^^^^^^^^^^^^^^
  File "c:\Users\AYUSH\Downloads\admin\Greeva\.venv312\Lib\site-packages\django\template\loader.py", line 61, in render_to_string
    template = get_template(template_name, using=using)
               ^^^^^^^^^^^^^^^^^^^^^^^^^^^^^^^^^^^^^^^^
  File "c:\Users\AYUSH\Downloads\admin\Greeva\.venv312\Lib\site-packages\django\template\loader.py", line 19, in get_template
    raise TemplateDoesNotExist(template_name, chain=chain)
django.template.exceptions.TemplateDoesNotExist: pages/pages-404.html
[04/Dec/2025 12:33:34] "GET /favicon.ico/ HTTP/1.1" 500 127689
[04/Dec/2025 12:33:37] "GET /admin/hydroponics/plantprofile/ HTTP/1.1" 200 30378
Internal Server Error: /favicon.ico/
Traceback (most recent call last):
  File "C:\Users\AYUSH\Downloads\admin\Greeva\greeva\pages\views.py", line 18, in dynamic_pages_view
    return render(request, f'pages/{template_name}.html')
           ^^^^^^^^^^^^^^^^^^^^^^^^^^^^^^^^^^^^^^^^^^^^^^
  File "c:\Users\AYUSH\Downloads\admin\Greeva\.venv312\Lib\site-packages\django\shortcuts.py", line 25, in render
    content = loader.render_to_string(template_name, context, request, using=using)
              ^^^^^^^^^^^^^^^^^^^^^^^^^^^^^^^^^^^^^^^^^^^^^^^^^^^^^^^^^^^^^^^^^^^^^
  File "c:\Users\AYUSH\Downloads\admin\Greeva\.venv312\Lib\site-packages\django\template\loader.py", line 61, in render_to_string
    template = get_template(template_name, using=using)
               ^^^^^^^^^^^^^^^^^^^^^^^^^^^^^^^^^^^^^^^^
  File "c:\Users\AYUSH\Downloads\admin\Greeva\.venv312\Lib\site-packages\django\template\loader.py", line 19, in get_template
    raise TemplateDoesNotExist(template_name, chain=chain)
django.template.exceptions.TemplateDoesNotExist: pages/favicon.ico.html

During handling of the above exception, another exception occurred:

Traceback (most recent call last):
  File "c:\Users\AYUSH\Downloads\admin\Greeva\.venv312\Lib\site-packages\django\core\handlers\exception.py", line 55, in inner
    response = get_response(request)
               ^^^^^^^^^^^^^^^^^^^^^
  File "c:\Users\AYUSH\Downloads\admin\Greeva\.venv312\Lib\site-packages\django\core\handlers\base.py", line 197, in _get_response
    response = wrapped_callback(request, *callback_args, **callback_kwargs)
               ^^^^^^^^^^^^^^^^^^^^^^^^^^^^^^^^^^^^^^^^^^^^^^^^^^^^^^^^^^^^
  File "C:\Users\AYUSH\AppData\Local\Programs\Python\Python312\Lib\contextlib.py", line 81, in inner
    return func(*args, **kwds)
           ^^^^^^^^^^^^^^^^^^^
  File "C:\Users\AYUSH\Downloads\admin\Greeva\greeva\pages\views.py", line 20, in dynamic_pages_view
    return render(request, f'pages/pages-404.html')
           ^^^^^^^^^^^^^^^^^^^^^^^^^^^^^^^^^^^^^^^^
  File "c:\Users\AYUSH\Downloads\admin\Greeva\.venv312\Lib\site-packages\django\shortcuts.py", line 25, in render
    content = loader.render_to_string(template_name, context, request, using=using)
              ^^^^^^^^^^^^^^^^^^^^^^^^^^^^^^^^^^^^^^^^^^^^^^^^^^^^^^^^^^^^^^^^^^^^^
  File "c:\Users\AYUSH\Downloads\admin\Greeva\.venv312\Lib\site-packages\django\template\loader.py", line 61, in render_to_string
    template = get_template(template_name, using=using)
               ^^^^^^^^^^^^^^^^^^^^^^^^^^^^^^^^^^^^^^^^
  File "c:\Users\AYUSH\Downloads\admin\Greeva\.venv312\Lib\site-packages\django\template\loader.py", line 19, in get_template
    raise TemplateDoesNotExist(template_name, chain=chain)
django.template.exceptions.TemplateDoesNotExist: pages/pages-404.html
ERROR 2025-12-04 12:33:37,278 log 16944 6976 Internal Server Error: /favicon.ico/
Traceback (most recent call last):
  File "C:\Users\AYUSH\Downloads\admin\Greeva\greeva\pages\views.py", line 18, in dynamic_pages_view
    return render(request, f'pages/{template_name}.html')
           ^^^^^^^^^^^^^^^^^^^^^^^^^^^^^^^^^^^^^^^^^^^^^^
  File "c:\Users\AYUSH\Downloads\admin\Greeva\.venv312\Lib\site-packages\django\shortcuts.py", line 25, in render
    content = loader.render_to_string(template_name, context, request, using=using)
              ^^^^^^^^^^^^^^^^^^^^^^^^^^^^^^^^^^^^^^^^^^^^^^^^^^^^^^^^^^^^^^^^^^^^^
  File "c:\Users\AYUSH\Downloads\admin\Greeva\.venv312\Lib\site-packages\django\template\loader.py", line 61, in render_to_string
    template = get_template(template_name, using=using)
               ^^^^^^^^^^^^^^^^^^^^^^^^^^^^^^^^^^^^^^^^
  File "c:\Users\AYUSH\Downloads\admin\Greeva\.venv312\Lib\site-packages\django\template\loader.py", line 19, in get_template
    raise TemplateDoesNotExist(template_name, chain=chain)
django.template.exceptions.TemplateDoesNotExist: pages/favicon.ico.html

During handling of the above exception, another exception occurred:

Traceback (most recent call last):
  File "c:\Users\AYUSH\Downloads\admin\Greeva\.venv312\Lib\site-packages\django\core\handlers\exception.py", line 55, in inner
    response = get_response(request)
               ^^^^^^^^^^^^^^^^^^^^^
  File "c:\Users\AYUSH\Downloads\admin\Greeva\.venv312\Lib\site-packages\django\core\handlers\base.py", line 197, in _get_response
    response = wrapped_callback(request, *callback_args, **callback_kwargs)
               ^^^^^^^^^^^^^^^^^^^^^^^^^^^^^^^^^^^^^^^^^^^^^^^^^^^^^^^^^^^^
  File "C:\Users\AYUSH\AppData\Local\Programs\Python\Python312\Lib\contextlib.py", line 81, in inner
    return func(*args, **kwds)
           ^^^^^^^^^^^^^^^^^^^
  File "C:\Users\AYUSH\Downloads\admin\Greeva\greeva\pages\views.py", line 20, in dynamic_pages_view
    return render(request, f'pages/pages-404.html')
           ^^^^^^^^^^^^^^^^^^^^^^^^^^^^^^^^^^^^^^^^
  File "c:\Users\AYUSH\Downloads\admin\Greeva\.venv312\Lib\site-packages\django\shortcuts.py", line 25, in render
    content = loader.render_to_string(template_name, context, request, using=using)
              ^^^^^^^^^^^^^^^^^^^^^^^^^^^^^^^^^^^^^^^^^^^^^^^^^^^^^^^^^^^^^^^^^^^^^
  File "c:\Users\AYUSH\Downloads\admin\Greeva\.venv312\Lib\site-packages\django\template\loader.py", line 61, in render_to_string
    template = get_template(template_name, using=using)
               ^^^^^^^^^^^^^^^^^^^^^^^^^^^^^^^^^^^^^^^^
  File "c:\Users\AYUSH\Downloads\admin\Greeva\.venv312\Lib\site-packages\django\template\loader.py", line 19, in get_template
    raise TemplateDoesNotExist(template_name, chain=chain)
django.template.exceptions.TemplateDoesNotExist: pages/pages-404.html
[04/Dec/2025 12:33:37] "GET /favicon.ico/ HTTP/1.1" 500 127680
[04/Dec/2025 12:33:40] "GET /admin/ HTTP/1.1" 200 26799
Internal Server Error: /favicon.ico/
Traceback (most recent call last):
  File "C:\Users\AYUSH\Downloads\admin\Greeva\greeva\pages\views.py", line 18, in dynamic_pages_view
    return render(request, f'pages/{template_name}.html')
           ^^^^^^^^^^^^^^^^^^^^^^^^^^^^^^^^^^^^^^^^^^^^^^
  File "c:\Users\AYUSH\Downloads\admin\Greeva\.venv312\Lib\site-packages\django\shortcuts.py", line 25, in render
    content = loader.render_to_string(template_name, context, request, using=using)
              ^^^^^^^^^^^^^^^^^^^^^^^^^^^^^^^^^^^^^^^^^^^^^^^^^^^^^^^^^^^^^^^^^^^^^
  File "c:\Users\AYUSH\Downloads\admin\Greeva\.venv312\Lib\site-packages\django\template\loader.py", line 61, in render_to_string
    template = get_template(template_name, using=using)
               ^^^^^^^^^^^^^^^^^^^^^^^^^^^^^^^^^^^^^^^^
  File "c:\Users\AYUSH\Downloads\admin\Greeva\.venv312\Lib\site-packages\django\template\loader.py", line 19, in get_template
    raise TemplateDoesNotExist(template_name, chain=chain)
django.template.exceptions.TemplateDoesNotExist: pages/favicon.ico.html

During handling of the above exception, another exception occurred:

Traceback (most recent call last):
  File "c:\Users\AYUSH\Downloads\admin\Greeva\.venv312\Lib\site-packages\django\core\handlers\exception.py", line 55, in inner
    response = get_response(request)
               ^^^^^^^^^^^^^^^^^^^^^
  File "c:\Users\AYUSH\Downloads\admin\Greeva\.venv312\Lib\site-packages\django\core\handlers\base.py", line 197, in _get_response
    response = wrapped_callback(request, *callback_args, **callback_kwargs)
               ^^^^^^^^^^^^^^^^^^^^^^^^^^^^^^^^^^^^^^^^^^^^^^^^^^^^^^^^^^^^
  File "C:\Users\AYUSH\AppData\Local\Programs\Python\Python312\Lib\contextlib.py", line 81, in inner
    return func(*args, **kwds)
           ^^^^^^^^^^^^^^^^^^^
  File "C:\Users\AYUSH\Downloads\admin\Greeva\greeva\pages\views.py", line 20, in dynamic_pages_view
    return render(request, f'pages/pages-404.html')
           ^^^^^^^^^^^^^^^^^^^^^^^^^^^^^^^^^^^^^^^^
  File "c:\Users\AYUSH\Downloads\admin\Greeva\.venv312\Lib\site-packages\django\shortcuts.py", line 25, in render
    content = loader.render_to_string(template_name, context, request, using=using)
              ^^^^^^^^^^^^^^^^^^^^^^^^^^^^^^^^^^^^^^^^^^^^^^^^^^^^^^^^^^^^^^^^^^^^^
  File "c:\Users\AYUSH\Downloads\admin\Greeva\.venv312\Lib\site-packages\django\template\loader.py", line 61, in render_to_string
    template = get_template(template_name, using=using)
               ^^^^^^^^^^^^^^^^^^^^^^^^^^^^^^^^^^^^^^^^
  File "c:\Users\AYUSH\Downloads\admin\Greeva\.venv312\Lib\site-packages\django\template\loader.py", line 19, in get_template
    raise TemplateDoesNotExist(template_name, chain=chain)
django.template.exceptions.TemplateDoesNotExist: pages/pages-404.html
ERROR 2025-12-04 12:33:40,574 log 16944 6976 Internal Server Error: /favicon.ico/
Traceback (most recent call last):
  File "C:\Users\AYUSH\Downloads\admin\Greeva\greeva\pages\views.py", line 18, in dynamic_pages_view
    return render(request, f'pages/{template_name}.html')
           ^^^^^^^^^^^^^^^^^^^^^^^^^^^^^^^^^^^^^^^^^^^^^^
  File "c:\Users\AYUSH\Downloads\admin\Greeva\.venv312\Lib\site-packages\django\shortcuts.py", line 25, in render
    content = loader.render_to_string(template_name, context, request, using=using)
              ^^^^^^^^^^^^^^^^^^^^^^^^^^^^^^^^^^^^^^^^^^^^^^^^^^^^^^^^^^^^^^^^^^^^^
  File "c:\Users\AYUSH\Downloads\admin\Greeva\.venv312\Lib\site-packages\django\template\loader.py", line 61, in render_to_string
    template = get_template(template_name, using=using)
               ^^^^^^^^^^^^^^^^^^^^^^^^^^^^^^^^^^^^^^^^
  File "c:\Users\AYUSH\Downloads\admin\Greeva\.venv312\Lib\site-packages\django\template\loader.py", line 19, in get_template
    raise TemplateDoesNotExist(template_name, chain=chain)
django.template.exceptions.TemplateDoesNotExist: pages/favicon.ico.html

During handling of the above exception, another exception occurred:

Traceback (most recent call last):
  File "c:\Users\AYUSH\Downloads\admin\Greeva\.venv312\Lib\site-packages\django\core\handlers\exception.py", line 55, in inner
    response = get_response(request)
               ^^^^^^^^^^^^^^^^^^^^^
  File "c:\Users\AYUSH\Downloads\admin\Greeva\.venv312\Lib\site-packages\django\core\handlers\base.py", line 197, in _get_response
    response = wrapped_callback(request, *callback_args, **callback_kwargs)
               ^^^^^^^^^^^^^^^^^^^^^^^^^^^^^^^^^^^^^^^^^^^^^^^^^^^^^^^^^^^^
  File "C:\Users\AYUSH\AppData\Local\Programs\Python\Python312\Lib\contextlib.py", line 81, in inner
    return func(*args, **kwds)
           ^^^^^^^^^^^^^^^^^^^
  File "C:\Users\AYUSH\Downloads\admin\Greeva\greeva\pages\views.py", line 20, in dynamic_pages_view
    return render(request, f'pages/pages-404.html')
           ^^^^^^^^^^^^^^^^^^^^^^^^^^^^^^^^^^^^^^^^
  File "c:\Users\AYUSH\Downloads\admin\Greeva\.venv312\Lib\site-packages\django\shortcuts.py", line 25, in render
    content = loader.render_to_string(template_name, context, request, using=using)
              ^^^^^^^^^^^^^^^^^^^^^^^^^^^^^^^^^^^^^^^^^^^^^^^^^^^^^^^^^^^^^^^^^^^^^
  File "c:\Users\AYUSH\Downloads\admin\Greeva\.venv312\Lib\site-packages\django\template\loader.py", line 61, in render_to_string
    template = get_template(template_name, using=using)
               ^^^^^^^^^^^^^^^^^^^^^^^^^^^^^^^^^^^^^^^^
  File "c:\Users\AYUSH\Downloads\admin\Greeva\.venv312\Lib\site-packages\django\template\loader.py", line 19, in get_template
    raise TemplateDoesNotExist(template_name, chain=chain)
django.template.exceptions.TemplateDoesNotExist: pages/pages-404.html
[04/Dec/2025 12:33:40] "GET /favicon.ico/ HTTP/1.1" 500 127655
[04/Dec/2025 12:33:47] "GET / HTTP/1.1" 200 153709
[04/Dec/2025 12:33:48] "GET /static/js/config.js HTTP/1.1" 304 0
[04/Dec/2025 12:33:48] "GET /static/css/icons.min.css HTTP/1.1" 304 0
[04/Dec/2025 12:33:48] "GET /static/images/logo-sm.png HTTP/1.1" 304 0
[04/Dec/2025 12:33:48] "GET /static/debug_toolbar/js/toolbar.js HTTP/1.1" 304 0
[04/Dec/2025 12:33:48] "GET /static/vendor/jsvectormap/jsvectormap.min.css HTTP/1.1" 304 0
[04/Dec/2025 12:33:48] "GET /static/css/app.min.css HTTP/1.1" 304 0
[04/Dec/2025 12:33:48] "GET /static/images/logo.png HTTP/1.1" 304 0
[04/Dec/2025 12:33:48] "GET /static/images/logo-dark.png HTTP/1.1" 304 0
[04/Dec/2025 12:33:48] "GET /static/js/vendors.min.js HTTP/1.1" 304 0
[04/Dec/2025 12:33:48] "GET /static/js/app.js HTTP/1.1" 304 0
[04/Dec/2025 12:33:48] "GET /static/vendor/apexcharts/apexcharts.min.js HTTP/1.1" 304 0
[04/Dec/2025 12:33:48] "GET /static/vendor/jsvectormap/maps/world-merc.js HTTP/1.1" 304 0
[04/Dec/2025 12:33:48] "GET /static/vendor/jsvectormap/maps/world.js HTTP/1.1" 304 0
[04/Dec/2025 12:33:48] "GET /static/vendor/jsvectormap/jsvectormap.min.js HTTP/1.1" 304 0
[04/Dec/2025 12:33:48] "GET /static/js/pages/dashboard.js HTTP/1.1" 304 0
[04/Dec/2025 12:33:48] "GET /static/debug_toolbar/css/toolbar.css HTTP/1.1" 304 0
[04/Dec/2025 12:33:48] "GET /static/images/flags/us.svg HTTP/1.1" 304 0
[04/Dec/2025 12:33:48] "GET /static/images/users/avatar-2.jpg HTTP/1.1" 304 0
[04/Dec/2025 12:33:48] "GET /static/images/flags/in.svg HTTP/1.1" 304 0
[04/Dec/2025 12:33:48] "GET /static/images/users/avatar-4.jpg HTTP/1.1" 304 0
[04/Dec/2025 12:33:48] "GET /static/images/users/avatar-10.jpg HTTP/1.1" 304 0
[04/Dec/2025 12:33:48] "GET /static/images/users/avatar-7.jpg HTTP/1.1" 304 0
[04/Dec/2025 12:33:48] "GET /static/images/brands/slack.svg HTTP/1.1" 304 0
[04/Dec/2025 12:33:48] "GET /static/images/brands/dribbble.svg HTTP/1.1" 304 0
[04/Dec/2025 12:33:48] "GET /static/images/brands/gitlab.svg HTTP/1.1" 304 0
[04/Dec/2025 12:33:48] "GET /static/images/brands/bitbucket.svg HTTP/1.1" 304 0
[04/Dec/2025 12:33:48] "GET /static/images/brands/dropbox.svg HTTP/1.1" 304 0
[04/Dec/2025 12:33:48] "GET /static/images/brands/google-cloud.svg HTTP/1.1" 304 0
[04/Dec/2025 12:33:48] "GET /static/images/brands/digital-ocean.svg HTTP/1.1" 304 0
[04/Dec/2025 12:33:48] "GET /static/images/brands/aws.svg HTTP/1.1" 304 0
[04/Dec/2025 12:33:48] "GET /static/images/brands/bootstrap.svg HTTP/1.1" 304 0
[04/Dec/2025 12:33:48] "GET /static/images/users/avatar-1.jpg HTTP/1.1" 304 0
[04/Dec/2025 12:33:48] "GET /static/images/products/logo/logo-1.svg HTTP/1.1" 304 0
[04/Dec/2025 12:33:48] "GET /static/images/products/logo/logo-2.svg HTTP/1.1" 304 0
[04/Dec/2025 12:33:48] "GET /static/images/products/logo/logo-3.svg HTTP/1.1" 304 0
[04/Dec/2025 12:33:48] "GET /static/images/products/logo/logo-4.svg HTTP/1.1" 304 0
[04/Dec/2025 12:33:48] "GET /static/images/products/logo/logo-5.svg HTTP/1.1" 304 0
[04/Dec/2025 12:33:48] "GET /static/images/users/avatar-3.jpg HTTP/1.1" 304 0
[04/Dec/2025 12:33:48] "GET /static/images/flags/br.svg HTTP/1.1" 304 0
[04/Dec/2025 12:33:48] "GET /static/images/users/avatar-5.jpg HTTP/1.1" 304 0
[04/Dec/2025 12:33:48] "GET /static/images/flags/ca.svg HTTP/1.1" 304 0
[04/Dec/2025 12:33:48] "GET /static/fonts/tabler-icons.woff2?v3.4.0 HTTP/1.1" 304 0
[04/Dec/2025 12:33:48] "GET /static/debug_toolbar/css/print.css HTTP/1.1" 304 0
[04/Dec/2025 12:33:48] "GET /static/debug_toolbar/js/utils.js HTTP/1.1" 304 0
[04/Dec/2025 12:33:49] "GET /static/images/favicon.ico HTTP/1.1" 304 0
[04/Dec/2025 12:34:09] "GET /admin/ HTTP/1.1" 200 26799
Internal Server Error: /favicon.ico/
Traceback (most recent call last):
  File "C:\Users\AYUSH\Downloads\admin\Greeva\greeva\pages\views.py", line 18, in dynamic_pages_view
    return render(request, f'pages/{template_name}.html')
           ^^^^^^^^^^^^^^^^^^^^^^^^^^^^^^^^^^^^^^^^^^^^^^
  File "c:\Users\AYUSH\Downloads\admin\Greeva\.venv312\Lib\site-packages\django\shortcuts.py", line 25, in render
    content = loader.render_to_string(template_name, context, request, using=using)
              ^^^^^^^^^^^^^^^^^^^^^^^^^^^^^^^^^^^^^^^^^^^^^^^^^^^^^^^^^^^^^^^^^^^^^
  File "c:\Users\AYUSH\Downloads\admin\Greeva\.venv312\Lib\site-packages\django\template\loader.py", line 61, in render_to_string
    template = get_template(template_name, using=using)
               ^^^^^^^^^^^^^^^^^^^^^^^^^^^^^^^^^^^^^^^^
  File "c:\Users\AYUSH\Downloads\admin\Greeva\.venv312\Lib\site-packages\django\template\loader.py", line 19, in get_template
    raise TemplateDoesNotExist(template_name, chain=chain)
django.template.exceptions.TemplateDoesNotExist: pages/favicon.ico.html

During handling of the above exception, another exception occurred:

Traceback (most recent call last):
  File "c:\Users\AYUSH\Downloads\admin\Greeva\.venv312\Lib\site-packages\django\core\handlers\exception.py", line 55, in inner
    response = get_response(request)
               ^^^^^^^^^^^^^^^^^^^^^
  File "c:\Users\AYUSH\Downloads\admin\Greeva\.venv312\Lib\site-packages\django\core\handlers\base.py", line 197, in _get_response
    response = wrapped_callback(request, *callback_args, **callback_kwargs)
               ^^^^^^^^^^^^^^^^^^^^^^^^^^^^^^^^^^^^^^^^^^^^^^^^^^^^^^^^^^^^
  File "C:\Users\AYUSH\AppData\Local\Programs\Python\Python312\Lib\contextlib.py", line 81, in inner
    return func(*args, **kwds)
           ^^^^^^^^^^^^^^^^^^^
  File "C:\Users\AYUSH\Downloads\admin\Greeva\greeva\pages\views.py", line 20, in dynamic_pages_view
    return render(request, f'pages/pages-404.html')
           ^^^^^^^^^^^^^^^^^^^^^^^^^^^^^^^^^^^^^^^^
  File "c:\Users\AYUSH\Downloads\admin\Greeva\.venv312\Lib\site-packages\django\shortcuts.py", line 25, in render
    content = loader.render_to_string(template_name, context, request, using=using)
              ^^^^^^^^^^^^^^^^^^^^^^^^^^^^^^^^^^^^^^^^^^^^^^^^^^^^^^^^^^^^^^^^^^^^^
  File "c:\Users\AYUSH\Downloads\admin\Greeva\.venv312\Lib\site-packages\django\template\loader.py", line 61, in render_to_string
    template = get_template(template_name, using=using)
               ^^^^^^^^^^^^^^^^^^^^^^^^^^^^^^^^^^^^^^^^
  File "c:\Users\AYUSH\Downloads\admin\Greeva\.venv312\Lib\site-packages\django\template\loader.py", line 19, in get_template
    raise TemplateDoesNotExist(template_name, chain=chain)
django.template.exceptions.TemplateDoesNotExist: pages/pages-404.html
ERROR 2025-12-04 12:34:09,738 log 16944 24480 Internal Server Error: /favicon.ico/
Traceback (most recent call last):
  File "C:\Users\AYUSH\Downloads\admin\Greeva\greeva\pages\views.py", line 18, in dynamic_pages_view
    return render(request, f'pages/{template_name}.html')
           ^^^^^^^^^^^^^^^^^^^^^^^^^^^^^^^^^^^^^^^^^^^^^^
  File "c:\Users\AYUSH\Downloads\admin\Greeva\.venv312\Lib\site-packages\django\shortcuts.py", line 25, in render
    content = loader.render_to_string(template_name, context, request, using=using)
              ^^^^^^^^^^^^^^^^^^^^^^^^^^^^^^^^^^^^^^^^^^^^^^^^^^^^^^^^^^^^^^^^^^^^^
  File "c:\Users\AYUSH\Downloads\admin\Greeva\.venv312\Lib\site-packages\django\template\loader.py", line 61, in render_to_string
    template = get_template(template_name, using=using)
               ^^^^^^^^^^^^^^^^^^^^^^^^^^^^^^^^^^^^^^^^
  File "c:\Users\AYUSH\Downloads\admin\Greeva\.venv312\Lib\site-packages\django\template\loader.py", line 19, in get_template
    raise TemplateDoesNotExist(template_name, chain=chain)
django.template.exceptions.TemplateDoesNotExist: pages/favicon.ico.html

During handling of the above exception, another exception occurred:

Traceback (most recent call last):
  File "c:\Users\AYUSH\Downloads\admin\Greeva\.venv312\Lib\site-packages\django\core\handlers\exception.py", line 55, in inner
    response = get_response(request)
               ^^^^^^^^^^^^^^^^^^^^^
  File "c:\Users\AYUSH\Downloads\admin\Greeva\.venv312\Lib\site-packages\django\core\handlers\base.py", line 197, in _get_response
    response = wrapped_callback(request, *callback_args, **callback_kwargs)
               ^^^^^^^^^^^^^^^^^^^^^^^^^^^^^^^^^^^^^^^^^^^^^^^^^^^^^^^^^^^^
  File "C:\Users\AYUSH\AppData\Local\Programs\Python\Python312\Lib\contextlib.py", line 81, in inner
    return func(*args, **kwds)
           ^^^^^^^^^^^^^^^^^^^
  File "C:\Users\AYUSH\Downloads\admin\Greeva\greeva\pages\views.py", line 20, in dynamic_pages_view
    return render(request, f'pages/pages-404.html')
           ^^^^^^^^^^^^^^^^^^^^^^^^^^^^^^^^^^^^^^^^
  File "c:\Users\AYUSH\Downloads\admin\Greeva\.venv312\Lib\site-packages\django\shortcuts.py", line 25, in render
    content = loader.render_to_string(template_name, context, request, using=using)
              ^^^^^^^^^^^^^^^^^^^^^^^^^^^^^^^^^^^^^^^^^^^^^^^^^^^^^^^^^^^^^^^^^^^^^
  File "c:\Users\AYUSH\Downloads\admin\Greeva\.venv312\Lib\site-packages\django\template\loader.py", line 61, in render_to_string
    template = get_template(template_name, using=using)
               ^^^^^^^^^^^^^^^^^^^^^^^^^^^^^^^^^^^^^^^^
  File "c:\Users\AYUSH\Downloads\admin\Greeva\.venv312\Lib\site-packages\django\template\loader.py", line 19, in get_template
    raise TemplateDoesNotExist(template_name, chain=chain)
django.template.exceptions.TemplateDoesNotExist: pages/pages-404.html
[04/Dec/2025 12:34:09] "GET /favicon.ico/ HTTP/1.1" 500 127655
C:\Users\AYUSH\Downloads\admin\Greeva\config\settings\base.py changed, reloading.
INFO 2025-12-04 12:38:05,407 autoreload 16944 9988 C:\Users\AYUSH\Downloads\admin\Greeva\config\settings\base.py changed, reloading.
Performing system checks...

System check identified no issues (0 silenced).
December 04, 2025 - 12:19:37
Django version 5.0.10, using settings 'config.settings.local'
Starting development server at http://0.0.0.0:8000/
Quit the server with CTRL-BREAK.


